Arguments: 
  /home/zuhedev/.nvm/versions/node/v20.0.0/bin/node /usr/local/bin/yarn add jdsom

PATH: 
  /home/zuhedev/.nvm/versions/node/v20.0.0/bin:/home/zuhedev/.cargo/bin:/usr/local/sbin:/usr/local/bin:/usr/sbin:/usr/bin:/sbin:/bin:/usr/games:/usr/local/games:/snap/bin:/snap/bin:/home/zuhedev/.foundry/bin:/usr/local/bin:/home/zuhedev/.foundry/bin:/usr/local/bin:/home/zuhedev/.foundry/bin:/usr/local/bin

Yarn version: 
  1.22.19

Node version: 
  20.0.0

Platform: 
  linux x64

Trace: 
  Error: https://registry.yarnpkg.com/jdsom: Not found
      at params.callback [as _callback] (/usr/local/lib/node_modules/yarn/lib/cli.js:66145:18)
      at self.callback (/usr/local/lib/node_modules/yarn/lib/cli.js:140890:22)
      at Request.emit (node:events:511:28)
      at Request.<anonymous> (/usr/local/lib/node_modules/yarn/lib/cli.js:141862:10)
      at Request.emit (node:events:511:28)
      at IncomingMessage.<anonymous> (/usr/local/lib/node_modules/yarn/lib/cli.js:141784:12)
      at Object.onceWrapper (node:events:625:28)
      at IncomingMessage.emit (node:events:523:35)
      at endReadableNT (node:internal/streams/readable:1367:12)
      at process.processTicksAndRejections (node:internal/process/task_queues:82:21)

npm manifest: 
  {
    "name": "react-app",
    "private": true,
    "version": "0.0.0",
    "type": "module",
    "scripts": {
      "dev": "vite",
      "build": "vite build",
      "preview": "vite preview"
    },
    "dependencies": {
      "@emailjs/browser": "^3.11.0",
      "@react-three/drei": "^9.92.5",
      "@react-three/fiber": "^8.15.12",
      "jsdom": "^23.0.1",
      "jsdom-global": "^3.0.2",
      "react": "^18.2.0",
      "react-dom": "^18.2.0",
      "react-simple-maps": "^1.0.0",
      "style-components": "^0.1.0",
      "styled-components": "^6.1.1",
      "three": "^0.159.0"
    },
    "devDependencies": {
      "@types/react": "^18.0.26",
      "@types/react-dom": "^18.0.9",
      "@vitejs/plugin-react": "^3.0.0",
      "vite": "^4.0.0"
    }
  }

yarn manifest: 
  No manifest

Lockfile: 
  # THIS IS AN AUTOGENERATED FILE. DO NOT EDIT THIS FILE DIRECTLY.
  # yarn lockfile v1
  
  
  "@ampproject/remapping@^2.2.0":
    "integrity" "sha512-lFMjJTrFL3j7L9yBxwYfCq2k6qqwHyzuUl/XBnif78PWTJYyL/dfowQHWE3sp6U6ZzqWiiIZnpTMO96zhkjwtg=="
    "resolved" "https://registry.npmjs.org/@ampproject/remapping/-/remapping-2.2.1.tgz"
    "version" "2.2.1"
    dependencies:
      "@jridgewell/gen-mapping" "^0.3.0"
      "@jridgewell/trace-mapping" "^0.3.9"
  
  "@babel/code-frame@^7.22.13", "@babel/code-frame@^7.23.5":
    "integrity" "sha512-CgH3s1a96LipHCmSUmYFPwY7MNx8C3avkq7i4Wl3cfa662ldtUe4VM1TPXX70pfmrlWTb6jLqTYrZyT2ZTJBgA=="
    "resolved" "https://registry.npmjs.org/@babel/code-frame/-/code-frame-7.23.5.tgz"
    "version" "7.23.5"
    dependencies:
      "@babel/highlight" "^7.23.4"
      "chalk" "^2.4.2"
  
  "@babel/compat-data@^7.23.5":
    "integrity" "sha512-uU27kfDRlhfKl+w1U6vp16IuvSLtjAxdArVXPa9BvLkrr7CYIsxH5adpHObeAGY/41+syctUWOZ140a2Rvkgjw=="
    "resolved" "https://registry.npmjs.org/@babel/compat-data/-/compat-data-7.23.5.tgz"
    "version" "7.23.5"
  
  "@babel/core@^7.0.0", "@babel/core@^7.0.0-0", "@babel/core@^7.20.12":
    "integrity" "sha512-FxpRyGjrMJXh7X3wGLGhNDCRiwpWEF74sKjTLDJSG5Kyvow3QZaG0Adbqzi9ZrVjTWpsX+2cxWXD71NMg93kdw=="
    "resolved" "https://registry.npmjs.org/@babel/core/-/core-7.23.6.tgz"
    "version" "7.23.6"
    dependencies:
      "@ampproject/remapping" "^2.2.0"
      "@babel/code-frame" "^7.23.5"
      "@babel/generator" "^7.23.6"
      "@babel/helper-compilation-targets" "^7.23.6"
      "@babel/helper-module-transforms" "^7.23.3"
      "@babel/helpers" "^7.23.6"
      "@babel/parser" "^7.23.6"
      "@babel/template" "^7.22.15"
      "@babel/traverse" "^7.23.6"
      "@babel/types" "^7.23.6"
      "convert-source-map" "^2.0.0"
      "debug" "^4.1.0"
      "gensync" "^1.0.0-beta.2"
      "json5" "^2.2.3"
      "semver" "^6.3.1"
  
  "@babel/generator@^7.23.6":
    "integrity" "sha512-qrSfCYxYQB5owCmGLbl8XRpX1ytXlpueOb0N0UmQwA073KZxejgQTzAmJezxvpwQD9uGtK2shHdi55QT+MbjIw=="
    "resolved" "https://registry.npmjs.org/@babel/generator/-/generator-7.23.6.tgz"
    "version" "7.23.6"
    dependencies:
      "@babel/types" "^7.23.6"
      "@jridgewell/gen-mapping" "^0.3.2"
      "@jridgewell/trace-mapping" "^0.3.17"
      "jsesc" "^2.5.1"
  
  "@babel/helper-compilation-targets@^7.23.6":
    "integrity" "sha512-9JB548GZoQVmzrFgp8o7KxdgkTGm6xs9DW0o/Pim72UDjzr5ObUQ6ZzYPqA+g9OTS2bBQoctLJrky0RDCAWRgQ=="
    "resolved" "https://registry.npmjs.org/@babel/helper-compilation-targets/-/helper-compilation-targets-7.23.6.tgz"
    "version" "7.23.6"
    dependencies:
      "@babel/compat-data" "^7.23.5"
      "@babel/helper-validator-option" "^7.23.5"
      "browserslist" "^4.22.2"
      "lru-cache" "^5.1.1"
      "semver" "^6.3.1"
  
  "@babel/helper-environment-visitor@^7.22.20":
    "integrity" "sha512-zfedSIzFhat/gFhWfHtgWvlec0nqB9YEIVrpuwjruLlXfUSnA8cJB0miHKwqDnQ7d32aKo2xt88/xZptwxbfhA=="
    "resolved" "https://registry.npmjs.org/@babel/helper-environment-visitor/-/helper-environment-visitor-7.22.20.tgz"
    "version" "7.22.20"
  
  "@babel/helper-function-name@^7.23.0":
    "integrity" "sha512-OErEqsrxjZTJciZ4Oo+eoZqeW9UIiOcuYKRJA4ZAgV9myA+pOXhhmpfNCKjEH/auVfEYVFJ6y1Tc4r0eIApqiw=="
    "resolved" "https://registry.npmjs.org/@babel/helper-function-name/-/helper-function-name-7.23.0.tgz"
    "version" "7.23.0"
    dependencies:
      "@babel/template" "^7.22.15"
      "@babel/types" "^7.23.0"
  
  "@babel/helper-hoist-variables@^7.22.5":
    "integrity" "sha512-wGjk9QZVzvknA6yKIUURb8zY3grXCcOZt+/7Wcy8O2uctxhplmUPkOdlgoNhmdVee2c92JXbf1xpMtVNbfoxRw=="
    "resolved" "https://registry.npmjs.org/@babel/helper-hoist-variables/-/helper-hoist-variables-7.22.5.tgz"
    "version" "7.22.5"
    dependencies:
      "@babel/types" "^7.22.5"
  
  "@babel/helper-module-imports@^7.22.15":
    "integrity" "sha512-0pYVBnDKZO2fnSPCrgM/6WMc7eS20Fbok+0r88fp+YtWVLZrp4CkafFGIp+W0VKw4a22sgebPT99y+FDNMdP4w=="
    "resolved" "https://registry.npmjs.org/@babel/helper-module-imports/-/helper-module-imports-7.22.15.tgz"
    "version" "7.22.15"
    dependencies:
      "@babel/types" "^7.22.15"
  
  "@babel/helper-module-transforms@^7.23.3":
    "integrity" "sha512-7bBs4ED9OmswdfDzpz4MpWgSrV7FXlc3zIagvLFjS5H+Mk7Snr21vQ6QwrsoCGMfNC4e4LQPdoULEt4ykz0SRQ=="
    "resolved" "https://registry.npmjs.org/@babel/helper-module-transforms/-/helper-module-transforms-7.23.3.tgz"
    "version" "7.23.3"
    dependencies:
      "@babel/helper-environment-visitor" "^7.22.20"
      "@babel/helper-module-imports" "^7.22.15"
      "@babel/helper-simple-access" "^7.22.5"
      "@babel/helper-split-export-declaration" "^7.22.6"
      "@babel/helper-validator-identifier" "^7.22.20"
  
  "@babel/helper-plugin-utils@^7.22.5":
    "integrity" "sha512-uLls06UVKgFG9QD4OeFYLEGteMIAa5kpTPcFL28yuCIIzsf6ZyKZMllKVOCZFhiZ5ptnwX4mtKdWCBE/uT4amg=="
    "resolved" "https://registry.npmjs.org/@babel/helper-plugin-utils/-/helper-plugin-utils-7.22.5.tgz"
    "version" "7.22.5"
  
  "@babel/helper-simple-access@^7.22.5":
    "integrity" "sha512-n0H99E/K+Bika3++WNL17POvo4rKWZ7lZEp1Q+fStVbUi8nxPQEBOlTmCOxW/0JsS56SKKQ+ojAe2pHKJHN35w=="
    "resolved" "https://registry.npmjs.org/@babel/helper-simple-access/-/helper-simple-access-7.22.5.tgz"
    "version" "7.22.5"
    dependencies:
      "@babel/types" "^7.22.5"
  
  "@babel/helper-split-export-declaration@^7.22.6":
    "integrity" "sha512-AsUnxuLhRYsisFiaJwvp1QF+I3KjD5FOxut14q/GzovUe6orHLesW2C7d754kRm53h5gqrz6sFl6sxc4BVtE/g=="
    "resolved" "https://registry.npmjs.org/@babel/helper-split-export-declaration/-/helper-split-export-declaration-7.22.6.tgz"
    "version" "7.22.6"
    dependencies:
      "@babel/types" "^7.22.5"
  
  "@babel/helper-string-parser@^7.23.4":
    "integrity" "sha512-803gmbQdqwdf4olxrX4AJyFBV/RTr3rSmOj0rKwesmzlfhYNDEs+/iOcznzpNWlJlIlTJC2QfPFcHB6DlzdVLQ=="
    "resolved" "https://registry.npmjs.org/@babel/helper-string-parser/-/helper-string-parser-7.23.4.tgz"
    "version" "7.23.4"
  
  "@babel/helper-validator-identifier@^7.22.20":
    "integrity" "sha512-Y4OZ+ytlatR8AI+8KZfKuL5urKp7qey08ha31L8b3BwewJAoJamTzyvxPR/5D+KkdJCGPq/+8TukHBlY10FX9A=="
    "resolved" "https://registry.npmjs.org/@babel/helper-validator-identifier/-/helper-validator-identifier-7.22.20.tgz"
    "version" "7.22.20"
  
  "@babel/helper-validator-option@^7.23.5":
    "integrity" "sha512-85ttAOMLsr53VgXkTbkx8oA6YTfT4q7/HzXSLEYmjcSTJPMPQtvq1BD79Byep5xMUYbGRzEpDsjUf3dyp54IKw=="
    "resolved" "https://registry.npmjs.org/@babel/helper-validator-option/-/helper-validator-option-7.23.5.tgz"
    "version" "7.23.5"
  
  "@babel/helpers@^7.23.6":
    "integrity" "sha512-wCfsbN4nBidDRhpDhvcKlzHWCTlgJYUUdSJfzXb2NuBssDSIjc3xcb+znA7l+zYsFljAcGM0aFkN40cR3lXiGA=="
    "resolved" "https://registry.npmjs.org/@babel/helpers/-/helpers-7.23.6.tgz"
    "version" "7.23.6"
    dependencies:
      "@babel/template" "^7.22.15"
      "@babel/traverse" "^7.23.6"
      "@babel/types" "^7.23.6"
  
  "@babel/highlight@^7.23.4":
    "integrity" "sha512-acGdbYSfp2WheJoJm/EBBBLh/ID8KDc64ISZ9DYtBmC8/Q204PZJLHyzeB5qMzJ5trcOkybd78M4x2KWsUq++A=="
    "resolved" "https://registry.npmjs.org/@babel/highlight/-/highlight-7.23.4.tgz"
    "version" "7.23.4"
    dependencies:
      "@babel/helper-validator-identifier" "^7.22.20"
      "chalk" "^2.4.2"
      "js-tokens" "^4.0.0"
  
  "@babel/parser@^7.22.15", "@babel/parser@^7.23.6":
    "integrity" "sha512-Z2uID7YJ7oNvAI20O9X0bblw7Qqs8Q2hFy0R9tAfnfLkp5MW0UH9eUvnDSnFwKZ0AvgS1ucqR4KzvVHgnke1VQ=="
    "resolved" "https://registry.npmjs.org/@babel/parser/-/parser-7.23.6.tgz"
    "version" "7.23.6"
  
  "@babel/plugin-transform-react-jsx-self@^7.18.6":
    "integrity" "sha512-qXRvbeKDSfwnlJnanVRp0SfuWE5DQhwQr5xtLBzp56Wabyo+4CMosF6Kfp+eOD/4FYpql64XVJ2W0pVLlJZxOQ=="
    "resolved" "https://registry.npmjs.org/@babel/plugin-transform-react-jsx-self/-/plugin-transform-react-jsx-self-7.23.3.tgz"
    "version" "7.23.3"
    dependencies:
      "@babel/helper-plugin-utils" "^7.22.5"
  
  "@babel/plugin-transform-react-jsx-source@^7.19.6":
    "integrity" "sha512-91RS0MDnAWDNvGC6Wio5XYkyWI39FMFO+JK9+4AlgaTH+yWwVTsw7/sn6LK0lH7c5F+TFkpv/3LfCJ1Ydwof/g=="
    "resolved" "https://registry.npmjs.org/@babel/plugin-transform-react-jsx-source/-/plugin-transform-react-jsx-source-7.23.3.tgz"
    "version" "7.23.3"
    dependencies:
      "@babel/helper-plugin-utils" "^7.22.5"
  
  "@babel/runtime@^7.11.2", "@babel/runtime@^7.17.8", "@babel/runtime@^7.5.5", "@babel/runtime@^7.8.7":
    "integrity" "sha512-zHd0eUrf5GZoOWVCXp6koAKQTfZV07eit6bGPmJgnZdnSAvvZee6zniW2XMF7Cmc4ISOOnPy3QaSiIJGJkVEDQ=="
    "resolved" "https://registry.npmjs.org/@babel/runtime/-/runtime-7.23.6.tgz"
    "version" "7.23.6"
    dependencies:
      "regenerator-runtime" "^0.14.0"
  
  "@babel/template@^7.22.15":
    "integrity" "sha512-QPErUVm4uyJa60rkI73qneDacvdvzxshT3kksGqlGWYdOTIUOwJ7RDUL8sGqslY1uXWSL6xMFKEXDS3ox2uF0w=="
    "resolved" "https://registry.npmjs.org/@babel/template/-/template-7.22.15.tgz"
    "version" "7.22.15"
    dependencies:
      "@babel/code-frame" "^7.22.13"
      "@babel/parser" "^7.22.15"
      "@babel/types" "^7.22.15"
  
  "@babel/traverse@^7.23.6":
    "integrity" "sha512-czastdK1e8YByZqezMPFiZ8ahwVMh/ESl9vPgvgdB9AmFMGP5jfpFax74AQgl5zj4XHzqeYAg2l8PuUeRS1MgQ=="
    "resolved" "https://registry.npmjs.org/@babel/traverse/-/traverse-7.23.6.tgz"
    "version" "7.23.6"
    dependencies:
      "@babel/code-frame" "^7.23.5"
      "@babel/generator" "^7.23.6"
      "@babel/helper-environment-visitor" "^7.22.20"
      "@babel/helper-function-name" "^7.23.0"
      "@babel/helper-hoist-variables" "^7.22.5"
      "@babel/helper-split-export-declaration" "^7.22.6"
      "@babel/parser" "^7.23.6"
      "@babel/types" "^7.23.6"
      "debug" "^4.3.1"
      "globals" "^11.1.0"
  
  "@babel/types@^7.22.15", "@babel/types@^7.22.5", "@babel/types@^7.23.0", "@babel/types@^7.23.6":
    "integrity" "sha512-+uarb83brBzPKN38NX1MkB6vb6+mwvR6amUulqAE7ccQw1pEl+bCia9TbdG1lsnFP7lZySvUn37CHyXQdfTwzg=="
    "resolved" "https://registry.npmjs.org/@babel/types/-/types-7.23.6.tgz"
    "version" "7.23.6"
    dependencies:
      "@babel/helper-string-parser" "^7.23.4"
      "@babel/helper-validator-identifier" "^7.22.20"
      "to-fast-properties" "^2.0.0"
  
  "@emailjs/browser@^3.11.0":
    "integrity" "sha512-RkY3FKZ3fPdK++OeF46mRTFpmmQWCHUVHZH209P3NE4D5sg2Atg7S2wa3gw5062Gl4clt4Wn5SyC4WhlVZC5pA=="
    "resolved" "https://registry.npmjs.org/@emailjs/browser/-/browser-3.11.0.tgz"
    "version" "3.11.0"
  
  "@emotion/is-prop-valid@^1.2.1":
    "integrity" "sha512-61Mf7Ufx4aDxx1xlDeOm8aFFigGHE4z+0sKCa+IHCeZKiyP9RLD0Mmx7m8b9/Cf37f7NAvQOOJAbQQGVr5uERw=="
    "resolved" "https://registry.npmjs.org/@emotion/is-prop-valid/-/is-prop-valid-1.2.1.tgz"
    "version" "1.2.1"
    dependencies:
      "@emotion/memoize" "^0.8.1"
  
  "@emotion/memoize@^0.8.1":
    "integrity" "sha512-W2P2c/VRW1/1tLox0mVUalvnWXxavmv/Oum2aPsRcoDJuob75FC3Y8FbpfLwUegRcxINtGUMPq0tFCvYNTBXNA=="
    "resolved" "https://registry.npmjs.org/@emotion/memoize/-/memoize-0.8.1.tgz"
    "version" "0.8.1"
  
  "@emotion/unitless@^0.8.0":
    "integrity" "sha512-KOEGMu6dmJZtpadb476IsZBclKvILjopjUii3V+7MnXIQCYh8W3NgNcgwo21n9LXZX6EDIKvqfjYxXebDwxKmQ=="
    "resolved" "https://registry.npmjs.org/@emotion/unitless/-/unitless-0.8.1.tgz"
    "version" "0.8.1"
  
  "@esbuild/linux-x64@0.18.20":
    "integrity" "sha512-UYqiqemphJcNsFEskc73jQ7B9jgwjWrSayxawS6UVFZGWrAAtkzjxSqnoclCXxWtfwLdzU+vTpcNYhpn43uP1w=="
    "resolved" "https://registry.npmjs.org/@esbuild/linux-x64/-/linux-x64-0.18.20.tgz"
    "version" "0.18.20"
  
  "@fortawesome/fontawesome-common-types@^0.2.36":
    "integrity" "sha512-a/7BiSgobHAgBWeN7N0w+lAhInrGxksn13uK7231n2m8EDPE3BMCl9NZLTGrj9ZXfCmC6LM0QLqXidIizVQ6yg=="
    "resolved" "https://registry.npmjs.org/@fortawesome/fontawesome-common-types/-/fontawesome-common-types-0.2.36.tgz"
    "version" "0.2.36"
  
  "@fortawesome/fontawesome-common-types@^0.3.0":
    "integrity" "sha512-CA3MAZBTxVsF6SkfkHXDerkhcQs0QPofy43eFdbWJJkZiq3SfiaH1msOkac59rQaqto5EqWnASboY1dBuKen5w=="
    "resolved" "https://registry.npmjs.org/@fortawesome/fontawesome-common-types/-/fontawesome-common-types-0.3.0.tgz"
    "version" "0.3.0"
  
  "@fortawesome/fontawesome-svg-core@^1.2.35", "@fortawesome/fontawesome-svg-core@~1 || ~6":
    "integrity" "sha512-UIL6crBWhjTNQcONt96ExjUnKt1D68foe3xjEensLDclqQ6YagwCRYVQdrp/hW0ALRp/5Fv/VKw+MqTUWYYvPg=="
    "resolved" "https://registry.npmjs.org/@fortawesome/fontawesome-svg-core/-/fontawesome-svg-core-1.3.0.tgz"
    "version" "1.3.0"
    dependencies:
      "@fortawesome/fontawesome-common-types" "^0.3.0"
  
  "@fortawesome/free-solid-svg-icons@^5.15.3":
    "integrity" "sha512-JLmQfz6tdtwxoihXLg6lT78BorrFyCf59SAwBM6qV/0zXyVeDygJVb3fk+j5Qat+Yvcxp1buLTY5iDh1ZSAQ8w=="
    "resolved" "https://registry.npmjs.org/@fortawesome/free-solid-svg-icons/-/free-solid-svg-icons-5.15.4.tgz"
    "version" "5.15.4"
    dependencies:
      "@fortawesome/fontawesome-common-types" "^0.2.36"
  
  "@fortawesome/react-fontawesome@^0.1.14":
    "integrity" "sha512-Hyb+lB8T18cvLNX0S3llz7PcSOAJMLwiVKBuuzwM/nI5uoBw+gQjnf9il0fR1C3DKOI5Kc79pkJ4/xB0Uw9aFQ=="
    "resolved" "https://registry.npmjs.org/@fortawesome/react-fontawesome/-/react-fontawesome-0.1.19.tgz"
    "version" "0.1.19"
    dependencies:
      "prop-types" "^15.8.1"
  
  "@jridgewell/gen-mapping@^0.3.0", "@jridgewell/gen-mapping@^0.3.2":
    "integrity" "sha512-HLhSWOLRi875zjjMG/r+Nv0oCW8umGb0BgEhyX3dDX3egwZtB8PqLnjz3yedt8R5StBrzcg4aBpnh8UA9D1BoQ=="
    "resolved" "https://registry.npmjs.org/@jridgewell/gen-mapping/-/gen-mapping-0.3.3.tgz"
    "version" "0.3.3"
    dependencies:
      "@jridgewell/set-array" "^1.0.1"
      "@jridgewell/sourcemap-codec" "^1.4.10"
      "@jridgewell/trace-mapping" "^0.3.9"
  
  "@jridgewell/resolve-uri@^3.1.0":
    "integrity" "sha512-dSYZh7HhCDtCKm4QakX0xFpsRDqjjtZf/kjI/v3T3Nwt5r8/qz/M19F9ySyOqU94SXBmeG9ttTul+YnR4LOxFA=="
    "resolved" "https://registry.npmjs.org/@jridgewell/resolve-uri/-/resolve-uri-3.1.1.tgz"
    "version" "3.1.1"
  
  "@jridgewell/set-array@^1.0.1":
    "integrity" "sha512-xnkseuNADM0gt2bs+BvhO0p78Mk762YnZdsuzFV018NoG1Sj1SCQvpSqa7XUaTam5vAGasABV9qXASMKnFMwMw=="
    "resolved" "https://registry.npmjs.org/@jridgewell/set-array/-/set-array-1.1.2.tgz"
    "version" "1.1.2"
  
  "@jridgewell/sourcemap-codec@^1.4.10", "@jridgewell/sourcemap-codec@^1.4.13", "@jridgewell/sourcemap-codec@^1.4.14":
    "integrity" "sha512-eF2rxCRulEKXHTRiDrDy6erMYWqNw4LPdQ8UQA4huuxaQsVeRPFl2oM8oDGxMFhJUWZf9McpLtJasDDZb/Bpeg=="
    "resolved" "https://registry.npmjs.org/@jridgewell/sourcemap-codec/-/sourcemap-codec-1.4.15.tgz"
    "version" "1.4.15"
  
  "@jridgewell/trace-mapping@^0.3.17", "@jridgewell/trace-mapping@^0.3.9":
    "integrity" "sha512-R8LcPeWZol2zR8mmH3JeKQ6QRCFb7XgUhV9ZlGhHLGyg4wpPiPZNQOOWhFZhxKw8u//yTbNGI42Bx/3paXEQ+Q=="
    "resolved" "https://registry.npmjs.org/@jridgewell/trace-mapping/-/trace-mapping-0.3.20.tgz"
    "version" "0.3.20"
    dependencies:
      "@jridgewell/resolve-uri" "^3.1.0"
      "@jridgewell/sourcemap-codec" "^1.4.14"
  
  "@mediapipe/tasks-vision@0.10.8":
    "integrity" "sha512-Rp7ll8BHrKB3wXaRFKhrltwZl1CiXGdibPxuWXvqGnKTnv8fqa/nvftYNuSbf+pbJWKYCXdBtYTITdAUTGGh0Q=="
    "resolved" "https://registry.npmjs.org/@mediapipe/tasks-vision/-/tasks-vision-0.10.8.tgz"
    "version" "0.10.8"
  
  "@react-spring/animated@~9.6.1":
    "integrity" "sha512-ls/rJBrAqiAYozjLo5EPPLLOb1LM0lNVQcXODTC1SMtS6DbuBCPaKco5svFUQFMP2dso3O+qcC4k9FsKc0KxMQ=="
    "resolved" "https://registry.npmjs.org/@react-spring/animated/-/animated-9.6.1.tgz"
    "version" "9.6.1"
    dependencies:
      "@react-spring/shared" "~9.6.1"
      "@react-spring/types" "~9.6.1"
  
  "@react-spring/core@~9.6.1":
    "integrity" "sha512-3HAAinAyCPessyQNNXe5W0OHzRfa8Yo5P748paPcmMowZ/4sMfaZ2ZB6e5x5khQI8NusOHj8nquoutd6FRY5WQ=="
    "resolved" "https://registry.npmjs.org/@react-spring/core/-/core-9.6.1.tgz"
    "version" "9.6.1"
    dependencies:
      "@react-spring/animated" "~9.6.1"
      "@react-spring/rafz" "~9.6.1"
      "@react-spring/shared" "~9.6.1"
      "@react-spring/types" "~9.6.1"
  
  "@react-spring/rafz@~9.6.1":
    "integrity" "sha512-v6qbgNRpztJFFfSE3e2W1Uz+g8KnIBs6SmzCzcVVF61GdGfGOuBrbjIcp+nUz301awVmREKi4eMQb2Ab2gGgyQ=="
    "resolved" "https://registry.npmjs.org/@react-spring/rafz/-/rafz-9.6.1.tgz"
    "version" "9.6.1"
  
  "@react-spring/shared@~9.6.1":
    "integrity" "sha512-PBFBXabxFEuF8enNLkVqMC9h5uLRBo6GQhRMQT/nRTnemVENimgRd+0ZT4yFnAQ0AxWNiJfX3qux+bW2LbG6Bw=="
    "resolved" "https://registry.npmjs.org/@react-spring/shared/-/shared-9.6.1.tgz"
    "version" "9.6.1"
    dependencies:
      "@react-spring/rafz" "~9.6.1"
      "@react-spring/types" "~9.6.1"
  
  "@react-spring/three@~9.6.1":
    "integrity" "sha512-Tyw2YhZPKJAX3t2FcqvpLRb71CyTe1GvT3V+i+xJzfALgpk10uPGdGaQQ5Xrzmok1340DAeg2pR/MCfaW7b8AA=="
    "resolved" "https://registry.npmjs.org/@react-spring/three/-/three-9.6.1.tgz"
    "version" "9.6.1"
    dependencies:
      "@react-spring/animated" "~9.6.1"
      "@react-spring/core" "~9.6.1"
      "@react-spring/shared" "~9.6.1"
      "@react-spring/types" "~9.6.1"
  
  "@react-spring/types@~9.6.1":
    "integrity" "sha512-POu8Mk0hIU3lRXB3bGIGe4VHIwwDsQyoD1F394OK7STTiX9w4dG3cTLljjYswkQN+hDSHRrj4O36kuVa7KPU8Q=="
    "resolved" "https://registry.npmjs.org/@react-spring/types/-/types-9.6.1.tgz"
    "version" "9.6.1"
  
  "@react-three/drei@^9.92.5":
    "integrity" "sha512-oBtasSx4MB+Vayj9PJ1MBRmrFAQym6BGPQ26kkazDzl5+HwqZ8z7kdzujHjUQRLHaZ1Z/Ad6P7d+Ib38XZiCaA=="
    "resolved" "https://registry.npmjs.org/@react-three/drei/-/drei-9.92.6.tgz"
    "version" "9.92.6"
    dependencies:
      "@babel/runtime" "^7.11.2"
      "@mediapipe/tasks-vision" "0.10.8"
      "@react-spring/three" "~9.6.1"
      "@use-gesture/react" "^10.2.24"
      "camera-controls" "^2.4.2"
      "cross-env" "^7.0.3"
      "detect-gpu" "^5.0.28"
      "glsl-noise" "^0.0.0"
      "lodash.clamp" "^4.0.3"
      "lodash.omit" "^4.5.0"
      "lodash.pick" "^4.4.0"
      "maath" "^0.10.7"
      "meshline" "^3.1.6"
      "react-composer" "^5.0.3"
      "react-merge-refs" "^1.1.0"
      "stats-gl" "^2.0.0"
      "stats.js" "^0.17.0"
      "suspend-react" "^0.1.3"
      "three-mesh-bvh" "^0.6.7"
      "three-stdlib" "^2.28.0"
      "troika-three-text" "^0.47.2"
      "utility-types" "^3.10.0"
      "uuid" "^9.0.1"
      "zustand" "^3.5.13"
  
  "@react-three/fiber@^8.15.12", "@react-three/fiber@>=6.0", "@react-three/fiber@>=8.0":
    "integrity" "sha512-yg0CyXVHIdSbNjM/GAgDrGJnKLTsfTlaR5FoJGEh9IgVKptOoudnFZhBt/Cau4rzx2X6eLmB1+aWOm1dEHSUpg=="
    "resolved" "https://registry.npmjs.org/@react-three/fiber/-/fiber-8.15.12.tgz"
    "version" "8.15.12"
    dependencies:
      "@babel/runtime" "^7.17.8"
      "@types/react-reconciler" "^0.26.7"
      "@types/webxr" "*"
      "base64-js" "^1.5.1"
      "buffer" "^6.0.3"
      "its-fine" "^1.0.6"
      "react-reconciler" "^0.27.0"
      "react-use-measure" "^2.1.1"
      "scheduler" "^0.21.0"
      "suspend-react" "^0.1.3"
      "zustand" "^3.7.1"
  
  "@types/draco3d@^1.4.0":
    "integrity" "sha512-4MMUjMQb4yA5fJ4osXx+QxGHt0/ZSy4spT6jL1HM7Tn8OJEC35siqdnpOo+HxPhYjqEFumKfGVF9hJfdyKBIBA=="
    "resolved" "https://registry.npmjs.org/@types/draco3d/-/draco3d-1.4.9.tgz"
    "version" "1.4.9"
  
  "@types/offscreencanvas@^2019.6.4":
    "integrity" "sha512-ieXiYmgSRXUDeOntE1InxjWyvEelZGP63M+cGuquuRLuIKKT1osnkXjxev9B7d1nXSug5vpunx+gNlbVxMlC9A=="
    "resolved" "https://registry.npmjs.org/@types/offscreencanvas/-/offscreencanvas-2019.7.3.tgz"
    "version" "2019.7.3"
  
  "@types/prop-types@*":
    "integrity" "sha512-ga8y9v9uyeiLdpKddhxYQkxNDrfvuPrlFb0N1qnZZByvcElJaXthF1UhvCh9TLWJBEHeNtdnbysW7Y6Uq8CVng=="
    "resolved" "https://registry.npmjs.org/@types/prop-types/-/prop-types-15.7.11.tgz"
    "version" "15.7.11"
  
  "@types/react-dom@^18.0.9":
    "integrity" "sha512-TJxDm6OfAX2KJWJdMEVTwWke5Sc/E/RlnPGvGfS0W7+6ocy2xhDVQVh/KvC2Uf7kACs+gDytdusDSdWfWkaNzw=="
    "resolved" "https://registry.npmjs.org/@types/react-dom/-/react-dom-18.2.18.tgz"
    "version" "18.2.18"
    dependencies:
      "@types/react" "*"
  
  "@types/react-reconciler@^0.26.7":
    "integrity" "sha512-mBDYl8x+oyPX/VBb3E638N0B7xG+SPk/EAMcVPeexqus/5aTpTphQi0curhhshOqRrc9t6OPoJfEUkbymse/lQ=="
    "resolved" "https://registry.npmjs.org/@types/react-reconciler/-/react-reconciler-0.26.7.tgz"
    "version" "0.26.7"
    dependencies:
      "@types/react" "*"
  
  "@types/react-reconciler@^0.28.0":
    "integrity" "sha512-SN9c4kxXZonFhbX4hJrZy37yw9e7EIxcpHCxQv5JUS18wDE5ovkQKlqQEkufdJCCMfuI9BnjUJvhYeJ9x5Ra7g=="
    "resolved" "https://registry.npmjs.org/@types/react-reconciler/-/react-reconciler-0.28.8.tgz"
    "version" "0.28.8"
    dependencies:
      "@types/react" "*"
  
  "@types/react@*", "@types/react@^18.0.26":
    "integrity" "sha512-TtAxCNrlrBp8GoeEp1npd5g+d/OejJHFxS3OWmrPBMFaVQMSN0OFySozJio5BHxTuTeug00AVXVAjfDSfk+lUg=="
    "resolved" "https://registry.npmjs.org/@types/react/-/react-18.2.45.tgz"
    "version" "18.2.45"
    dependencies:
      "@types/prop-types" "*"
      "@types/scheduler" "*"
      "csstype" "^3.0.2"
  
  "@types/scheduler@*":
    "integrity" "sha512-WZLiwShhwLRmeV6zH+GkbOFT6Z6VklCItrDioxUnv+u4Ll+8vKeFySoFyK/0ctcRpOmwAicELfmys1sDc/Rw+A=="
    "resolved" "https://registry.npmjs.org/@types/scheduler/-/scheduler-0.16.8.tgz"
    "version" "0.16.8"
  
  "@types/stats.js@*":
    "integrity" "sha512-pXNfAD3KHOdif9EQXZ9deK82HVNaXP5ZIF5RP2QG6OQFNTaY2YIetfrE9t528vEreGQvEPRDDc8muaoYeK0SxQ=="
    "resolved" "https://registry.npmjs.org/@types/stats.js/-/stats.js-0.17.3.tgz"
    "version" "0.17.3"
  
  "@types/stylis@^4.0.2":
    "integrity" "sha512-36ZrGJ8fgtBr6nwNnuJ9jXIj+bn/pF6UoqmrQT7+Y99+tFFeHHsoR54+194dHdyhPjgbeoNz3Qru0oRt0l6ASQ=="
    "resolved" "https://registry.npmjs.org/@types/stylis/-/stylis-4.2.4.tgz"
    "version" "4.2.4"
  
  "@types/three@>=0.144.0":
    "integrity" "sha512-jWlbUBovicUKaOYxzgkLlhkiEQJkhCVvg4W2IYD2trqD2om3VK4DGLpHH5zQHNr7RweZK/5re/4IVhbhvxbV9w=="
    "resolved" "https://registry.npmjs.org/@types/three/-/three-0.160.0.tgz"
    "version" "0.160.0"
    dependencies:
      "@types/stats.js" "*"
      "@types/webxr" "*"
      "fflate" "~0.6.10"
      "meshoptimizer" "~0.18.1"
  
  "@types/webxr@*", "@types/webxr@^0.5.2":
    "integrity" "sha512-n3u5sqXQJhf1CS68mw3Wf16FQ4cRPNBBwdYLFzq3UddiADOim1Pn3Y6PBdDilz1vOJF3ybLxJ8ZEDlLIzrOQZg=="
    "resolved" "https://registry.npmjs.org/@types/webxr/-/webxr-0.5.10.tgz"
    "version" "0.5.10"
  
  "@use-gesture/core@10.3.0":
    "integrity" "sha512-rh+6MND31zfHcy9VU3dOZCqGY511lvGcfyJenN4cWZe0u1BH6brBpBddLVXhF2r4BMqWbvxfsbL7D287thJU2A=="
    "resolved" "https://registry.npmjs.org/@use-gesture/core/-/core-10.3.0.tgz"
    "version" "10.3.0"
  
  "@use-gesture/react@^10.2.24":
    "integrity" "sha512-3zc+Ve99z4usVP6l9knYVbVnZgfqhKah7sIG+PS2w+vpig2v2OLct05vs+ZXMzwxdNCMka8B+8WlOo0z6Pn6DA=="
    "resolved" "https://registry.npmjs.org/@use-gesture/react/-/react-10.3.0.tgz"
    "version" "10.3.0"
    dependencies:
      "@use-gesture/core" "10.3.0"
  
  "@vitejs/plugin-react@^3.0.0":
    "integrity" "sha512-AfgcRL8ZBhAlc3BFdigClmTUMISmmzHn7sB2h9U1odvc5U/MjWXsAaz18b/WoppUTDBzxOJwo2VdClfUcItu9g=="
    "resolved" "https://registry.npmjs.org/@vitejs/plugin-react/-/plugin-react-3.1.0.tgz"
    "version" "3.1.0"
    dependencies:
      "@babel/core" "^7.20.12"
      "@babel/plugin-transform-react-jsx-self" "^7.18.6"
      "@babel/plugin-transform-react-jsx-source" "^7.19.6"
      "magic-string" "^0.27.0"
      "react-refresh" "^0.14.0"
  
  "agent-base@^7.0.2", "agent-base@^7.1.0":
    "integrity" "sha512-o/zjMZRhJxny7OyEF+Op8X+efiELC7k7yOjMzgfzVqOzXqkBkWI79YoTdOtsuWd5BWhAGAuOY/Xa6xpiaWXiNg=="
    "resolved" "https://registry.npmjs.org/agent-base/-/agent-base-7.1.0.tgz"
    "version" "7.1.0"
    dependencies:
      "debug" "^4.3.4"
  
  "ansi-styles@^3.2.1":
    "integrity" "sha512-VT0ZI6kZRdTh8YyJw3SMbYm/u+NqfsAxEpWO0Pf9sq8/e94WxxOpPKx9FR1FlyCtOVDNOQ+8ntlqFxiRc+r5qA=="
    "resolved" "https://registry.npmjs.org/ansi-styles/-/ansi-styles-3.2.1.tgz"
    "version" "3.2.1"
    dependencies:
      "color-convert" "^1.9.0"
  
  "asynckit@^0.4.0":
    "integrity" "sha512-Oei9OH4tRh0YqU3GxhX79dM/mwVgvbZJaSNaRk+bshkj0S5cfHcgYakreBjrHwatXKbz+IoIdYLxrKim2MjW0Q=="
    "resolved" "https://registry.npmjs.org/asynckit/-/asynckit-0.4.0.tgz"
    "version" "0.4.0"
  
  "axios@^0.21.1":
    "integrity" "sha512-ut5vewkiu8jjGBdqpM44XxjuCjq9LAKeHVmoVfHVzy8eHgxxq8SbAVQNovDA8mVi05kP0Ea/n/UzcSHcTJQfNg=="
    "resolved" "https://registry.npmjs.org/axios/-/axios-0.21.4.tgz"
    "version" "0.21.4"
    dependencies:
      "follow-redirects" "^1.14.0"
  
  "base64-js@^1.3.1", "base64-js@^1.5.1":
    "integrity" "sha512-AKpaYlHn8t4SVbOHCy+b5+KKgvR4vrsD8vbvrbiQJps7fKDTkjkDry6ji0rUJjC0kzbNePLwzxq8iypo41qeWA=="
    "resolved" "https://registry.npmjs.org/base64-js/-/base64-js-1.5.1.tgz"
    "version" "1.5.1"
  
  "bidi-js@^1.0.2":
    "integrity" "sha512-RKshQI1R3YQ+n9YJz2QQ147P66ELpa1FQEg20Dk8oW9t2KgLbpDLLp9aGZ7y8WHSshDknG0bknqGw5/tyCs5tw=="
    "resolved" "https://registry.npmjs.org/bidi-js/-/bidi-js-1.0.3.tgz"
    "version" "1.0.3"
    dependencies:
      "require-from-string" "^2.0.2"
  
  "browserslist@^4.22.2", "browserslist@>= 4.21.0":
    "integrity" "sha512-0UgcrvQmBDvZHFGdYUehrCNIazki7/lUP3kkoi/r3YB2amZbFM9J43ZRkJTXBUZK4gmx56+Sqk9+Vs9mwZx9+A=="
    "resolved" "https://registry.npmjs.org/browserslist/-/browserslist-4.22.2.tgz"
    "version" "4.22.2"
    dependencies:
      "caniuse-lite" "^1.0.30001565"
      "electron-to-chromium" "^1.4.601"
      "node-releases" "^2.0.14"
      "update-browserslist-db" "^1.0.13"
  
  "buffer@^6.0.3":
    "integrity" "sha512-FTiCpNxtwiZZHEZbcbTIcZjERVICn9yq/pDFkTl95/AxzD1naBctN7YO68riM/gLSDY7sdrMby8hofADYuuqOA=="
    "resolved" "https://registry.npmjs.org/buffer/-/buffer-6.0.3.tgz"
    "version" "6.0.3"
    dependencies:
      "base64-js" "^1.3.1"
      "ieee754" "^1.2.1"
  
  "camelize@^1.0.0":
    "integrity" "sha512-dU+Tx2fsypxTgtLoE36npi3UqcjSSMNYfkqgmoEhtZrraP5VWq0K7FkWVTYa8eMPtnU/G2txVsfdCJTn9uzpuQ=="
    "resolved" "https://registry.npmjs.org/camelize/-/camelize-1.0.1.tgz"
    "version" "1.0.1"
  
  "camera-controls@^2.4.2":
    "integrity" "sha512-L4mxjBd3u8qiOLozdWrH2P8ZybSsDXBF7iyNyqNEFJhPUkovmuARWR8JTc1B/qlclOIg6FvZZA/0uAZMMim0mw=="
    "resolved" "https://registry.npmjs.org/camera-controls/-/camera-controls-2.7.3.tgz"
    "version" "2.7.3"
  
  "caniuse-lite@^1.0.30001565":
    "integrity" "sha512-+3e0ASu4sw1SWaoCtvPeyXp+5PsjigkSt8OXZbF9StH5pQWbxEjLAZE3n8Aup5udop1uRiKA7a4utUk/uoSpUw=="
    "resolved" "https://registry.npmjs.org/caniuse-lite/-/caniuse-lite-1.0.30001570.tgz"
    "version" "1.0.30001570"
  
  "chalk@^2.4.2":
    "integrity" "sha512-Mti+f9lpJNcwF4tWV8/OrTTtF1gZi+f8FqlyAdouralcFWFQWF2+NgCHShjkCb+IFBLq9buZwE1xckQU4peSuQ=="
    "resolved" "https://registry.npmjs.org/chalk/-/chalk-2.4.2.tgz"
    "version" "2.4.2"
    dependencies:
      "ansi-styles" "^3.2.1"
      "escape-string-regexp" "^1.0.5"
      "supports-color" "^5.3.0"
  
  "classnames@^2.2.6":
    "integrity" "sha512-CSbhY4cFEJRe6/GQzIk5qXZ4Jeg5pcsP7b5peFSDpffpe1cqjASH/n9UTjBwOp6XpMSTwQ8Za2K5V02ueA7Tmw=="
    "resolved" "https://registry.npmjs.org/classnames/-/classnames-2.3.2.tgz"
    "version" "2.3.2"
  
  "color-convert@^1.9.0":
    "integrity" "sha512-QfAUtd+vFdAtFQcC8CCyYt1fYWxSqAiK2cSD6zDB8N3cpsEBAvRxp9zOGg6G/SHHJYAT88/az/IuDGALsNVbGg=="
    "resolved" "https://registry.npmjs.org/color-convert/-/color-convert-1.9.3.tgz"
    "version" "1.9.3"
    dependencies:
      "color-name" "1.1.3"
  
  "color-name@1.1.3":
    "integrity" "sha512-72fSenhMw2HZMTVHeCA9KCmpEIbzWiQsjN+BHcBbS9vr1mtt+vJjPdksIBNUmKAW8TFUDPJK5SUU3QhE9NEXDw=="
    "resolved" "https://registry.npmjs.org/color-name/-/color-name-1.1.3.tgz"
    "version" "1.1.3"
  
  "combined-stream@^1.0.8":
    "integrity" "sha512-FQN4MRfuJeHf7cBbBMJFXhKSDq+2kAArBlmRBvcvFE5BB1HZKXtSFASDhdlz9zOYwxh8lDdnvmMOe/+5cdoEdg=="
    "resolved" "https://registry.npmjs.org/combined-stream/-/combined-stream-1.0.8.tgz"
    "version" "1.0.8"
    dependencies:
      "delayed-stream" "~1.0.0"
  
  "commander@2":
    "integrity" "sha512-GpVkmM8vF2vQUkj2LvZmD35JxeJOLCwJ9cUkugyk2nuhbv3+mJvpLYYt+0+USMxE+oj+ey/lJEnhZw75x/OMcQ=="
    "resolved" "https://registry.npmjs.org/commander/-/commander-2.20.3.tgz"
    "version" "2.20.3"
  
  "convert-source-map@^2.0.0":
    "integrity" "sha512-Kvp459HrV2FEJ1CAsi1Ku+MY3kasH19TFykTz2xWmMeq6bk2NU3XXvfJ+Q61m0xktWwt+1HSYf3JZsTms3aRJg=="
    "resolved" "https://registry.npmjs.org/convert-source-map/-/convert-source-map-2.0.0.tgz"
    "version" "2.0.0"
  
  "cross-env@^7.0.3":
    "integrity" "sha512-+/HKd6EgcQCJGh2PSjZuUitQBQynKor4wrFbRg4DtAgS1aWO+gU52xpH7M9ScGgXSYmAVS9bIJ8EzuaGw0oNAw=="
    "resolved" "https://registry.npmjs.org/cross-env/-/cross-env-7.0.3.tgz"
    "version" "7.0.3"
    dependencies:
      "cross-spawn" "^7.0.1"
  
  "cross-spawn@^7.0.1":
    "integrity" "sha512-iRDPJKUPVEND7dHPO8rkbOnPpyDygcDFtWjpeWNCgy8WP2rXcxXL8TskReQl6OrB2G7+UJrags1q15Fudc7G6w=="
    "resolved" "https://registry.npmjs.org/cross-spawn/-/cross-spawn-7.0.3.tgz"
    "version" "7.0.3"
    dependencies:
      "path-key" "^3.1.0"
      "shebang-command" "^2.0.0"
      "which" "^2.0.1"
  
  "css-color-keywords@^1.0.0":
    "integrity" "sha512-FyyrDHZKEjXDpNJYvVsV960FiqQyXc/LlYmsxl2BcdMb2WPx0OGRVgTg55rPSyLSNMqP52R9r8geSp7apN3Ofg=="
    "resolved" "https://registry.npmjs.org/css-color-keywords/-/css-color-keywords-1.0.0.tgz"
    "version" "1.0.0"
  
  "css-to-react-native@^3.2.0":
    "integrity" "sha512-e8RKaLXMOFii+02mOlqwjbD00KSEKqblnpO9e++1aXS1fPQOpS1YoqdVHBqPjHNoxeF2mimzVqawm2KCbEdtHQ=="
    "resolved" "https://registry.npmjs.org/css-to-react-native/-/css-to-react-native-3.2.0.tgz"
    "version" "3.2.0"
    dependencies:
      "camelize" "^1.0.0"
      "css-color-keywords" "^1.0.0"
      "postcss-value-parser" "^4.0.2"
  
  "cssstyle@^3.0.0":
    "integrity" "sha512-N4u2ABATi3Qplzf0hWbVCdjenim8F3ojEXpBDF5hBpjzW182MjNGLqfmQ0SkSPeQ+V86ZXgeH8aXj6kayd4jgg=="
    "resolved" "https://registry.npmjs.org/cssstyle/-/cssstyle-3.0.0.tgz"
    "version" "3.0.0"
    dependencies:
      "rrweb-cssom" "^0.6.0"
  
  "csstype@^3.0.2", "csstype@^3.1.2":
    "integrity" "sha512-M1uQkMl8rQK/szD0LNhtqxIPLpimGm8sOBwU7lLnCpSbTyY3yeU1Vc7l4KT5zT4s/yOxHH5O7tIuuLOCnLADRw=="
    "resolved" "https://registry.npmjs.org/csstype/-/csstype-3.1.3.tgz"
    "version" "3.1.3"
  
  "d3-array@1":
    "integrity" "sha512-KHW6M86R+FUPYGb3R5XiYjXPq7VzwxZ22buHhAEVG5ztoEcZZMLov530mmccaqA1GghZArjQV46fuc8kUqhhHw=="
    "resolved" "https://registry.npmjs.org/d3-array/-/d3-array-1.2.4.tgz"
    "version" "1.2.4"
  
  "d3-geo@^1.11.6":
    "integrity" "sha512-XG4d1c/UJSEX9NfU02KwBL6BYPj8YKHxgBEw5om2ZnTRSbIcego6dhHwcxuSR3clxh0EpE38os1DVPOmnYtTPg=="
    "resolved" "https://registry.npmjs.org/d3-geo/-/d3-geo-1.12.1.tgz"
    "version" "1.12.1"
    dependencies:
      "d3-array" "1"
  
  "data-urls@^5.0.0":
    "integrity" "sha512-ZYP5VBHshaDAiVZxjbRVcFJpc+4xGgT0bK3vzy1HLN8jTO975HEbuYzZJcHoQEY5K1a0z8YayJkyVETa08eNTg=="
    "resolved" "https://registry.npmjs.org/data-urls/-/data-urls-5.0.0.tgz"
    "version" "5.0.0"
    dependencies:
      "whatwg-mimetype" "^4.0.0"
      "whatwg-url" "^14.0.0"
  
  "debounce@^1.2.1":
    "integrity" "sha512-XRRe6Glud4rd/ZGQfiV1ruXSfbvfJedlV9Y6zOlP+2K04vBYiJEte6stfFkCP03aMnY5tsipamumUjL14fofug=="
    "resolved" "https://registry.npmjs.org/debounce/-/debounce-1.2.1.tgz"
    "version" "1.2.1"
  
  "debug@^4.1.0", "debug@^4.3.1", "debug@^4.3.4", "debug@4":
    "integrity" "sha512-PRWFHuSU3eDtQJPvnNY7Jcket1j0t5OuOsFzPPzsekD52Zl8qUfFIPEiswXqIvHWGVHOgX+7G/vCNNhehwxfkQ=="
    "resolved" "https://registry.npmjs.org/debug/-/debug-4.3.4.tgz"
    "version" "4.3.4"
    dependencies:
      "ms" "2.1.2"
  
  "decimal.js@^10.4.3":
    "integrity" "sha512-VBBaLc1MgL5XpzgIP7ny5Z6Nx3UrRkIViUkPUdtl9aya5amy3De1gsUUSB1g3+3sExYNjCAsAznmukyxCb1GRA=="
    "resolved" "https://registry.npmjs.org/decimal.js/-/decimal.js-10.4.3.tgz"
    "version" "10.4.3"
  
  "delayed-stream@~1.0.0":
    "integrity" "sha512-ZySD7Nf91aLB0RxL4KGrKHBXl7Eds1DAmEdcoVawXnLD7SDhpNgtuII2aAkg7a7QS41jxPSZ17p4VdGnMHk3MQ=="
    "resolved" "https://registry.npmjs.org/delayed-stream/-/delayed-stream-1.0.0.tgz"
    "version" "1.0.0"
  
  "detect-gpu@^5.0.28":
    "integrity" "sha512-EraWs84faI4iskB4qvE39bevMIazEvd1RpoyGLOBesRLbiz6eMeJqqRPHjEFClfRByYZzi9IzU35rBXIO76oDw=="
    "resolved" "https://registry.npmjs.org/detect-gpu/-/detect-gpu-5.0.37.tgz"
    "version" "5.0.37"
    dependencies:
      "webgl-constants" "^1.1.1"
  
  "dom-helpers@^5.0.1":
    "integrity" "sha512-nRCa7CK3VTrM2NmGkIy4cbK7IZlgBE/PYMn55rrXefr5xXDP0LdtfPnblFDoVdcAfslJ7or6iqAUnx0CCGIWQA=="
    "resolved" "https://registry.npmjs.org/dom-helpers/-/dom-helpers-5.2.1.tgz"
    "version" "5.2.1"
    dependencies:
      "@babel/runtime" "^7.8.7"
      "csstype" "^3.0.2"
  
  "draco3d@^1.4.1":
    "integrity" "sha512-+3NaRjWktb5r61ZFoDejlykPEFKT5N/LkbXsaddlw6xNSXBanUYpFc2AXXpbJDilPHazcSreU/DpQIaxfX0NfQ=="
    "resolved" "https://registry.npmjs.org/draco3d/-/draco3d-1.5.6.tgz"
    "version" "1.5.6"
  
  "electron-to-chromium@^1.4.601":
    "integrity" "sha512-X4ze/9Sc3QWs6h92yerwqv7aB/uU8vCjZcrMjA8N9R1pjMFRe44dLsck5FzLilOYvcXuDn93B+bpGYyufc70gQ=="
    "resolved" "https://registry.npmjs.org/electron-to-chromium/-/electron-to-chromium-1.4.614.tgz"
    "version" "1.4.614"
  
  "entities@^4.4.0":
    "integrity" "sha512-V0hjH4dGPh9Ao5p0MoRY6BVqtwCjhz6vI5LT8AJ55H+4g9/4vbHx1I54fS0XuclLhDHArPQCiMjDxjaL8fPxhw=="
    "resolved" "https://registry.npmjs.org/entities/-/entities-4.5.0.tgz"
    "version" "4.5.0"
  
  "esbuild@^0.18.10":
    "integrity" "sha512-ceqxoedUrcayh7Y7ZX6NdbbDzGROiyVBgC4PriJThBKSVPWnnFHZAkfI1lJT8QFkOwH4qOS2SJkS4wvpGl8BpA=="
    "resolved" "https://registry.npmjs.org/esbuild/-/esbuild-0.18.20.tgz"
    "version" "0.18.20"
    optionalDependencies:
      "@esbuild/android-arm" "0.18.20"
      "@esbuild/android-arm64" "0.18.20"
      "@esbuild/android-x64" "0.18.20"
      "@esbuild/darwin-arm64" "0.18.20"
      "@esbuild/darwin-x64" "0.18.20"
      "@esbuild/freebsd-arm64" "0.18.20"
      "@esbuild/freebsd-x64" "0.18.20"
      "@esbuild/linux-arm" "0.18.20"
      "@esbuild/linux-arm64" "0.18.20"
      "@esbuild/linux-ia32" "0.18.20"
      "@esbuild/linux-loong64" "0.18.20"
      "@esbuild/linux-mips64el" "0.18.20"
      "@esbuild/linux-ppc64" "0.18.20"
      "@esbuild/linux-riscv64" "0.18.20"
      "@esbuild/linux-s390x" "0.18.20"
      "@esbuild/linux-x64" "0.18.20"
      "@esbuild/netbsd-x64" "0.18.20"
      "@esbuild/openbsd-x64" "0.18.20"
      "@esbuild/sunos-x64" "0.18.20"
      "@esbuild/win32-arm64" "0.18.20"
      "@esbuild/win32-ia32" "0.18.20"
      "@esbuild/win32-x64" "0.18.20"
  
  "escalade@^3.1.1":
    "integrity" "sha512-k0er2gUkLf8O0zKJiAhmkTnJlTvINGv7ygDNPbeIsX/TJjGJZHuh9B2UxbsaEkmlEo9MfhrSzmhIlhRlI2GXnw=="
    "resolved" "https://registry.npmjs.org/escalade/-/escalade-3.1.1.tgz"
    "version" "3.1.1"
  
  "escape-string-regexp@^1.0.5":
    "integrity" "sha512-vbRorB5FUQWvla16U8R/qgaFIya2qGzwDrNmCZuYKrbdSUMG6I1ZCGQRefkRVhuOkIGVne7BQ35DSfo1qvJqFg=="
    "resolved" "https://registry.npmjs.org/escape-string-regexp/-/escape-string-regexp-1.0.5.tgz"
    "version" "1.0.5"
  
  "fflate@^0.6.9", "fflate@~0.6.10":
    "integrity" "sha512-IQrh3lEPM93wVCEczc9SaAOvkmcoQn/G8Bo1e8ZPlY3X3bnAxWaBdvTdvM1hP62iZp0BXWDy4vTAy4fF0+Dlpg=="
    "resolved" "https://registry.npmjs.org/fflate/-/fflate-0.6.10.tgz"
    "version" "0.6.10"
  
  "follow-redirects@^1.14.0":
    "integrity" "sha512-1VzOtuEM8pC9SFU1E+8KfTjZyMztRsgEfwQl44z8A25uy13jSzTj6dyK2Df52iV0vgHCfBwLhDWevLn95w5v6Q=="
    "resolved" "https://registry.npmjs.org/follow-redirects/-/follow-redirects-1.15.3.tgz"
    "version" "1.15.3"
  
  "form-data@^4.0.0":
    "integrity" "sha512-ETEklSGi5t0QMZuiXoA/Q6vcnxcLQP5vdugSpuAyi6SVGi2clPPp+xgEhuMaHC+zGgn31Kd235W35f7Hykkaww=="
    "resolved" "https://registry.npmjs.org/form-data/-/form-data-4.0.0.tgz"
    "version" "4.0.0"
    dependencies:
      "asynckit" "^0.4.0"
      "combined-stream" "^1.0.8"
      "mime-types" "^2.1.12"
  
  "gensync@^1.0.0-beta.2":
    "integrity" "sha512-3hN7NaskYvMDLQY55gnW3NQ+mesEAepTqlg+VEbj7zzqEMBVNhzcGYYeqFo/TlYz6eQiFcp1HcsCZO+nGgS8zg=="
    "resolved" "https://registry.npmjs.org/gensync/-/gensync-1.0.0-beta.2.tgz"
    "version" "1.0.0-beta.2"
  
  "globals@^11.1.0":
    "integrity" "sha512-WOBp/EEGUiIsJSp7wcv/y6MO+lV9UoncWqxuFfm8eBwzWNgyfBd6Gz+IeKQ9jCmyhoH99g15M3T+QaVHFjizVA=="
    "resolved" "https://registry.npmjs.org/globals/-/globals-11.12.0.tgz"
    "version" "11.12.0"
  
  "glsl-noise@^0.0.0":
    "integrity" "sha512-b/ZCF6amfAUb7dJM/MxRs7AetQEahYzJ8PtgfrmEdtw6uyGOr+ZSGtgjFm6mfsBkxJ4d2W7kg+Nlqzqvn3Bc0w=="
    "resolved" "https://registry.npmjs.org/glsl-noise/-/glsl-noise-0.0.0.tgz"
    "version" "0.0.0"
  
  "has-flag@^3.0.0":
    "integrity" "sha512-sKJf1+ceQBr4SMkvQnBDNDtf4TXpVhVGateu0t918bl30FnbE2m4vNLX+VWe/dpjlb+HugGYzW7uQXH98HPEYw=="
    "resolved" "https://registry.npmjs.org/has-flag/-/has-flag-3.0.0.tgz"
    "version" "3.0.0"
  
  "html-encoding-sniffer@^4.0.0":
    "integrity" "sha512-Y22oTqIU4uuPgEemfz7NDJz6OeKf12Lsu+QC+s3BVpda64lTiMYCyGwg5ki4vFxkMwQdeZDl2adZoqUgdFuTgQ=="
    "resolved" "https://registry.npmjs.org/html-encoding-sniffer/-/html-encoding-sniffer-4.0.0.tgz"
    "version" "4.0.0"
    dependencies:
      "whatwg-encoding" "^3.1.1"
  
  "http-proxy-agent@^7.0.0":
    "integrity" "sha512-+ZT+iBxVUQ1asugqnD6oWoRiS25AkjNfG085dKJGtGxkdwLQrMKU5wJr2bOOFAXzKcTuqq+7fZlTMgG3SRfIYQ=="
    "resolved" "https://registry.npmjs.org/http-proxy-agent/-/http-proxy-agent-7.0.0.tgz"
    "version" "7.0.0"
    dependencies:
      "agent-base" "^7.1.0"
      "debug" "^4.3.4"
  
  "https-proxy-agent@^7.0.2":
    "integrity" "sha512-NmLNjm6ucYwtcUmL7JQC1ZQ57LmHP4lT15FQ8D61nak1rO6DH+fz5qNK2Ap5UN4ZapYICE3/0KodcLYSPsPbaA=="
    "resolved" "https://registry.npmjs.org/https-proxy-agent/-/https-proxy-agent-7.0.2.tgz"
    "version" "7.0.2"
    dependencies:
      "agent-base" "^7.0.2"
      "debug" "4"
  
  "iconv-lite@0.6.3":
    "integrity" "sha512-4fCk79wshMdzMp2rH06qWrJE4iolqLhCUH+OiuIgU++RB0+94NlDL81atO7GX55uUKueo0txHNtvEyI6D7WdMw=="
    "resolved" "https://registry.npmjs.org/iconv-lite/-/iconv-lite-0.6.3.tgz"
    "version" "0.6.3"
    dependencies:
      "safer-buffer" ">= 2.1.2 < 3.0.0"
  
  "ieee754@^1.2.1":
    "integrity" "sha512-dcyqhDvX1C46lXZcVqCpK+FtMRQVdIMN6/Df5js2zouUsqG7I6sFxitIC+7KYK29KdXOLHdu9zL4sFnoVQnqaA=="
    "resolved" "https://registry.npmjs.org/ieee754/-/ieee754-1.2.1.tgz"
    "version" "1.2.1"
  
  "is-potential-custom-element-name@^1.0.1":
    "integrity" "sha512-bCYeRA2rVibKZd+s2625gGnGF/t7DSqDs4dP7CrLA1m7jKWz6pps0LpYLJN8Q64HtmPKJ1hrN3nzPNKFEKOUiQ=="
    "resolved" "https://registry.npmjs.org/is-potential-custom-element-name/-/is-potential-custom-element-name-1.0.1.tgz"
    "version" "1.0.1"
  
  "isexe@^2.0.0":
    "integrity" "sha512-RHxMLp9lnKHGHRng9QFhRCMbYAcVpn69smSGcq3f36xjgVVWThj4qqLbTLlq7Ssj8B+fIQ1EuCEGI2lKsyQeIw=="
    "resolved" "https://registry.npmjs.org/isexe/-/isexe-2.0.0.tgz"
    "version" "2.0.0"
  
  "its-fine@^1.0.6":
    "integrity" "sha512-v1Ia1xl20KbuSGlwoaGsW0oxsw8Be+TrXweidxD9oT/1lAh6O3K3/GIM95Tt6WCiv6W+h2M7RB1TwdoAjQyyKw=="
    "resolved" "https://registry.npmjs.org/its-fine/-/its-fine-1.1.1.tgz"
    "version" "1.1.1"
    dependencies:
      "@types/react-reconciler" "^0.28.0"
  
  "js-tokens@^3.0.0 || ^4.0.0", "js-tokens@^4.0.0":
    "integrity" "sha512-RdJUflcE3cUzKiMqQgsCu06FPu9UdIJO0beYbPhHN4k6apgJtifcoCtT9bcxOpYBtpD2kCM6Sbzg4CausW/PKQ=="
    "resolved" "https://registry.npmjs.org/js-tokens/-/js-tokens-4.0.0.tgz"
    "version" "4.0.0"
  
  "jsdom-global@^3.0.2":
    "integrity" "sha512-t1KMcBkz/pT5JrvcJbpUR2u/w1kO9jXctaaGJ0vZDzwFnIvGWw9IDSRciT83kIs8Bnw4qpOl8bQK08V01YgMPg=="
    "resolved" "https://registry.npmjs.org/jsdom-global/-/jsdom-global-3.0.2.tgz"
    "version" "3.0.2"
  
  "jsdom@^23.0.1", "jsdom@>=10.0.0":
    "integrity" "sha512-2i27vgvlUsGEBO9+/kJQRbtqtm+191b5zAZrU/UezVmnC2dlDAFLgDYJvAEi94T4kjsRKkezEtLQTgsNEsW2lQ=="
    "resolved" "https://registry.npmjs.org/jsdom/-/jsdom-23.0.1.tgz"
    "version" "23.0.1"
    dependencies:
      "cssstyle" "^3.0.0"
      "data-urls" "^5.0.0"
      "decimal.js" "^10.4.3"
      "form-data" "^4.0.0"
      "html-encoding-sniffer" "^4.0.0"
      "http-proxy-agent" "^7.0.0"
      "https-proxy-agent" "^7.0.2"
      "is-potential-custom-element-name" "^1.0.1"
      "nwsapi" "^2.2.7"
      "parse5" "^7.1.2"
      "rrweb-cssom" "^0.6.0"
      "saxes" "^6.0.0"
      "symbol-tree" "^3.2.4"
      "tough-cookie" "^4.1.3"
      "w3c-xmlserializer" "^5.0.0"
      "webidl-conversions" "^7.0.0"
      "whatwg-encoding" "^3.1.1"
      "whatwg-mimetype" "^4.0.0"
      "whatwg-url" "^14.0.0"
      "ws" "^8.14.2"
      "xml-name-validator" "^5.0.0"
  
  "jsesc@^2.5.1":
    "integrity" "sha512-OYu7XEzjkCQ3C5Ps3QIZsQfNpqoJyZZA99wd9aWd05NCtC5pWOkShK2mkL6HXQR6/Cy2lbNdPlZBpuQHXE63gA=="
    "resolved" "https://registry.npmjs.org/jsesc/-/jsesc-2.5.2.tgz"
    "version" "2.5.2"
  
  "json5@^2.2.3":
    "integrity" "sha512-XmOWe7eyHYH14cLdVPoyg+GOH3rYX++KpzrylJwSW98t3Nk+U8XOl8FWKOgwtzdb8lXGf6zYwDUzeHMWfxasyg=="
    "resolved" "https://registry.npmjs.org/json5/-/json5-2.2.3.tgz"
    "version" "2.2.3"
  
  "lodash.clamp@^4.0.3":
    "integrity" "sha512-HvzRFWjtcguTW7yd8NJBshuNaCa8aqNFtnswdT7f/cMd/1YKy5Zzoq4W/Oxvnx9l7aeY258uSdDfM793+eLsVg=="
    "resolved" "https://registry.npmjs.org/lodash.clamp/-/lodash.clamp-4.0.3.tgz"
    "version" "4.0.3"
  
  "lodash.omit@^4.5.0":
    "integrity" "sha512-XeqSp49hNGmlkj2EJlfrQFIzQ6lXdNro9sddtQzcJY8QaoC2GO0DT7xaIokHeyM+mIT0mPMlPvkYzg2xCuHdZg=="
    "resolved" "https://registry.npmjs.org/lodash.omit/-/lodash.omit-4.5.0.tgz"
    "version" "4.5.0"
  
  "lodash.pick@^4.4.0":
    "integrity" "sha512-hXt6Ul/5yWjfklSGvLQl8vM//l3FtyHZeuelpzK6mm99pNvN9yTDruNZPEJZD1oWrqo+izBmB7oUfWgcCX7s4Q=="
    "resolved" "https://registry.npmjs.org/lodash.pick/-/lodash.pick-4.4.0.tgz"
    "version" "4.4.0"
  
  "lodash@^4.17.21":
    "integrity" "sha512-v2kDEe57lecTulaDIuNTPy3Ry4gLGJ6Z1O3vE1krgXZNrsQ+LFTGHVxVjcXPs17LhbZVGedAJv8XZ1tvj5FvSg=="
    "resolved" "https://registry.npmjs.org/lodash/-/lodash-4.17.21.tgz"
    "version" "4.17.21"
  
  "loose-envify@^1.1.0", "loose-envify@^1.4.0":
    "integrity" "sha512-lyuxPGr/Wfhrlem2CL/UcnUc1zcqKAImBDzukY7Y5F/yQiNdko6+fRLevlw1HgMySw7f611UIY408EtxRSoK3Q=="
    "resolved" "https://registry.npmjs.org/loose-envify/-/loose-envify-1.4.0.tgz"
    "version" "1.4.0"
    dependencies:
      "js-tokens" "^3.0.0 || ^4.0.0"
  
  "lru-cache@^5.1.1":
    "integrity" "sha512-KpNARQA3Iwv+jTA0utUVVbrh+Jlrr1Fv0e56GGzAFOXN7dk/FviaDW8LHmK52DlcH4WP2n6gI8vN1aesBFgo9w=="
    "resolved" "https://registry.npmjs.org/lru-cache/-/lru-cache-5.1.1.tgz"
    "version" "5.1.1"
    dependencies:
      "yallist" "^3.0.2"
  
  "maath@^0.10.7":
    "integrity" "sha512-zQ2xd7dNOIVTjAS+hj22fyj1EFYmOJX6tzKjZ92r6WDoq8hyFxjuGA2q950tmR4iC/EKXoMQdSipkaJVuUHDTg=="
    "resolved" "https://registry.npmjs.org/maath/-/maath-0.10.7.tgz"
    "version" "0.10.7"
  
  "magic-string@^0.27.0":
    "integrity" "sha512-8UnnX2PeRAPZuN12svgR9j7M1uWMovg/CEnIwIG0LFkXSJJe4PdfUGiTGl8V9bsBHFUtfVINcSyYxd7q+kx9fA=="
    "resolved" "https://registry.npmjs.org/magic-string/-/magic-string-0.27.0.tgz"
    "version" "0.27.0"
    dependencies:
      "@jridgewell/sourcemap-codec" "^1.4.13"
  
  "meshline@^3.1.6":
    "integrity" "sha512-uf9fPI9wy0Ie0kZjvKuIkf2n7gi3ih0wdTeb/kmSvmzpPyEL5d9lFohg9+JV9VC4sQUBOZDgxu6fnjn57goSHg=="
    "resolved" "https://registry.npmjs.org/meshline/-/meshline-3.1.7.tgz"
    "version" "3.1.7"
  
  "meshoptimizer@~0.18.1":
    "integrity" "sha512-ZhoIoL7TNV4s5B6+rx5mC//fw8/POGyNxS/DZyCJeiZ12ScLfVwRE/GfsxwiTkMYYD5DmK2/JXnEVXqL4rF+Sw=="
    "resolved" "https://registry.npmjs.org/meshoptimizer/-/meshoptimizer-0.18.1.tgz"
    "version" "0.18.1"
  
  "mime-db@1.52.0":
    "integrity" "sha512-sPU4uV7dYlvtWJxwwxHD0PuihVNiE7TyAbQ5SWxDCB9mUYvOgroQOwYQQOKPJ8CIbE+1ETVlOoK1UC2nU3gYvg=="
    "resolved" "https://registry.npmjs.org/mime-db/-/mime-db-1.52.0.tgz"
    "version" "1.52.0"
  
  "mime-types@^2.1.12":
    "integrity" "sha512-ZDY+bPm5zTTF+YpCrAU9nK0UgICYPT0QtT1NZWFv4s++TNkcgVaT0g6+4R2uI4MjQjzysHB1zxuWL50hzaeXiw=="
    "resolved" "https://registry.npmjs.org/mime-types/-/mime-types-2.1.35.tgz"
    "version" "2.1.35"
    dependencies:
      "mime-db" "1.52.0"
  
  "ms@2.1.2":
    "integrity" "sha512-sGkPx+VjMtmA6MX27oA4FBFELFCZZ4S4XqeGOXCv68tT+jb3vk/RyaKWP0PTKyWtmLSM0b+adUTEvbs1PEaH2w=="
    "resolved" "https://registry.npmjs.org/ms/-/ms-2.1.2.tgz"
    "version" "2.1.2"
  
  "nanoid@^3.3.7":
    "integrity" "sha512-eSRppjcPIatRIMC1U6UngP8XFcz8MQWGQdt1MTBQ7NaAmvXDfvNxbvWV3x2y6CdEUciCSsDHDQZbhYaB8QEo2g=="
    "resolved" "https://registry.npmjs.org/nanoid/-/nanoid-3.3.7.tgz"
    "version" "3.3.7"
  
  "node-releases@^2.0.14":
    "integrity" "sha512-y10wOWt8yZpqXmOgRo77WaHEmhYQYGNA6y421PKsKYWEK8aW+cqAphborZDhqfyKrbZEN92CN1X2KbafY2s7Yw=="
    "resolved" "https://registry.npmjs.org/node-releases/-/node-releases-2.0.14.tgz"
    "version" "2.0.14"
  
  "nwsapi@^2.2.7":
    "integrity" "sha512-ub5E4+FBPKwAZx0UwIQOjYWGHTEq5sPqHQNRN8Z9e4A7u3Tj1weLJsL59yH9vmvqEtBHaOmT6cYQKIZOxp35FQ=="
    "resolved" "https://registry.npmjs.org/nwsapi/-/nwsapi-2.2.7.tgz"
    "version" "2.2.7"
  
  "object-assign@^4.1.1":
    "integrity" "sha512-rJgTQnkUnH1sFw8yT6VSU3zD3sWmu6sZhIseY8VX+GRu3P6F7Fu+JNDoXfklElbLJSnc3FUQHVe4cU5hj+BcUg=="
    "resolved" "https://registry.npmjs.org/object-assign/-/object-assign-4.1.1.tgz"
    "version" "4.1.1"
  
  "parse5@^7.1.2":
    "integrity" "sha512-Czj1WaSVpaoj0wbhMzLmWD69anp2WH7FXMB9n1Sy8/ZFF9jolSQVMu1Ij5WIyGmcBmhk7EOndpO4mIpihVqAXw=="
    "resolved" "https://registry.npmjs.org/parse5/-/parse5-7.1.2.tgz"
    "version" "7.1.2"
    dependencies:
      "entities" "^4.4.0"
  
  "path-key@^3.1.0":
    "integrity" "sha512-ojmeN0qd+y0jszEtoY48r0Peq5dwMEkIlCOu6Q5f41lfkswXuKtYrhgoTpLnyIcHm24Uhqx+5Tqm2InSwLhE6Q=="
    "resolved" "https://registry.npmjs.org/path-key/-/path-key-3.1.1.tgz"
    "version" "3.1.1"
  
  "picocolors@^1.0.0":
    "integrity" "sha512-1fygroTLlHu66zi26VoTDv8yRgm0Fccecssto+MhsZ0D/DGW2sm8E8AjW7NU5VVTRt5GxbeZ5qBuJr+HyLYkjQ=="
    "resolved" "https://registry.npmjs.org/picocolors/-/picocolors-1.0.0.tgz"
    "version" "1.0.0"
  
  "postcss-value-parser@^4.0.2":
    "integrity" "sha512-1NNCs6uurfkVbeXG4S8JFT9t19m45ICnif8zWLd5oPSZ50QnwMfK+H3jv408d4jw/7Bttv5axS5IiHoLaVNHeQ=="
    "resolved" "https://registry.npmjs.org/postcss-value-parser/-/postcss-value-parser-4.2.0.tgz"
    "version" "4.2.0"
  
  "postcss@^8.4.27", "postcss@^8.4.31":
    "integrity" "sha512-D/kj5JNu6oo2EIy+XL/26JEDTlIbB8hw85G8StOE6L74RQAVVP5rej6wxCNqyMbR4RkPfqvezVbPw81Ngd6Kcw=="
    "resolved" "https://registry.npmjs.org/postcss/-/postcss-8.4.32.tgz"
    "version" "8.4.32"
    dependencies:
      "nanoid" "^3.3.7"
      "picocolors" "^1.0.0"
      "source-map-js" "^1.0.2"
  
  "potpack@^1.0.1":
    "integrity" "sha512-choctRBIV9EMT9WGAZHn3V7t0Z2pMQyl0EZE6pFc/6ml3ssw7Dlf/oAOvFwjm1HVsqfQN8GfeFyJ+d8tRzqueQ=="
    "resolved" "https://registry.npmjs.org/potpack/-/potpack-1.0.2.tgz"
    "version" "1.0.2"
  
  "prop-types@^15.6.0", "prop-types@^15.6.2", "prop-types@^15.7.2", "prop-types@^15.8.1":
    "integrity" "sha512-oj87CgZICdulUohogVAR7AjlC0327U4el4L6eAvOqCeudMDVU0NThNaV+b9Df4dXgSP1gXMTnPdhfe/2qDH5cg=="
    "resolved" "https://registry.npmjs.org/prop-types/-/prop-types-15.8.1.tgz"
    "version" "15.8.1"
    dependencies:
      "loose-envify" "^1.4.0"
      "object-assign" "^4.1.1"
      "react-is" "^16.13.1"
  
  "psl@^1.1.33":
    "integrity" "sha512-E/ZsdU4HLs/68gYzgGTkMicWTLPdAftJLfJFlLUAAKZGkStNU72sZjT66SnMDVOfOWY/YAoiD7Jxa9iHvngcag=="
    "resolved" "https://registry.npmjs.org/psl/-/psl-1.9.0.tgz"
    "version" "1.9.0"
  
  "punycode@^2.1.1", "punycode@^2.3.1":
    "integrity" "sha512-vYt7UD1U9Wg6138shLtLOvdAu+8DsC/ilFtEVHcH+wydcSpNE20AfSOduf6MkRFahL5FY7X1oU7nKVZFtfq8Fg=="
    "resolved" "https://registry.npmjs.org/punycode/-/punycode-2.3.1.tgz"
    "version" "2.3.1"
  
  "querystringify@^2.1.1":
    "integrity" "sha512-FIqgj2EUvTa7R50u0rGsyTftzjYmv/a3hO345bZNrqabNqjtgiDMgmo4mkUjd+nzU5oF3dClKqFIPUKybUyqoQ=="
    "resolved" "https://registry.npmjs.org/querystringify/-/querystringify-2.2.0.tgz"
    "version" "2.2.0"
  
  "react-composer@^5.0.3":
    "integrity" "sha512-1uWd07EME6XZvMfapwZmc7NgCZqDemcvicRi3wMJzXsQLvZ3L7fTHVyPy1bZdnWXM4iPjYuNE+uJ41MLKeTtnA=="
    "resolved" "https://registry.npmjs.org/react-composer/-/react-composer-5.0.3.tgz"
    "version" "5.0.3"
    dependencies:
      "prop-types" "^15.6.0"
  
  "react-dom@^16.8.0", "react-dom@^18.2.0", "react-dom@>= 16.8.0", "react-dom@>=16.13", "react-dom@>=16.6.0", "react-dom@>=16.8.0", "react-dom@>=18.0":
    "integrity" "sha512-6IMTriUmvsjHUjNtEDudZfuDQUoWXVxKHhlEGSk81n4YFS+r/Kl99wXiwlVXtPBtJenozv2P+hxDsw9eA7Xo6g=="
    "resolved" "https://registry.npmjs.org/react-dom/-/react-dom-18.2.0.tgz"
    "version" "18.2.0"
    dependencies:
      "loose-envify" "^1.1.0"
      "scheduler" "^0.23.0"
  
  "react-is@^16.13.1":
    "integrity" "sha512-24e6ynE2H+OKt4kqsOvNd8kBpV65zoxbA4BVsEOB3ARVWQki/DHzaUoC5KuON/BiccDaCCTZBuOcfZs70kR8bQ=="
    "resolved" "https://registry.npmjs.org/react-is/-/react-is-16.13.1.tgz"
    "version" "16.13.1"
  
  "react-merge-refs@^1.1.0":
    "integrity" "sha512-alTKsjEL0dKH/ru1Iyn7vliS2QRcBp9zZPGoWxUOvRGWPUYgjo+V01is7p04It6KhgrzhJGnIj9GgX8W4bZoCQ=="
    "resolved" "https://registry.npmjs.org/react-merge-refs/-/react-merge-refs-1.1.0.tgz"
    "version" "1.1.0"
  
  "react-reconciler@^0.27.0":
    "integrity" "sha512-HmMDKciQjYmBRGuuhIaKA1ba/7a+UsM5FzOZsMO2JYHt9Jh8reCb7j1eDC95NOyUlKM9KRyvdx0flBuDvYSBoA=="
    "resolved" "https://registry.npmjs.org/react-reconciler/-/react-reconciler-0.27.0.tgz"
    "version" "0.27.0"
    dependencies:
      "loose-envify" "^1.1.0"
      "scheduler" "^0.21.0"
  
  "react-refresh@^0.14.0":
    "integrity" "sha512-wViHqhAd8OHeLS/IRMJjTSDHF3U9eWi62F/MledQGPdJGDhodXJ9PBLNGr6WWL7qlH12Mt3TyTpbS+hGXMjCzQ=="
    "resolved" "https://registry.npmjs.org/react-refresh/-/react-refresh-0.14.0.tgz"
    "version" "0.14.0"
  
  "react-simple-maps@^1.0.0":
    "integrity" "sha512-2A/yRZdMRr5VFwR4SFqIfZggSsPQ/ABvx7wyOFnvYqtbpxP5XEXPsFt/NH055lcrOj4qeUtHgPsDocAl86GmnA=="
    "resolved" "https://registry.npmjs.org/react-simple-maps/-/react-simple-maps-1.0.0.tgz"
    "version" "1.0.0"
    dependencies:
      "d3-geo" "^1.11.6"
      "topojson-client" "^3.0.0"
  
  "react-transition-group@^4.4.1":
    "integrity" "sha512-pZcd1MCJoiKiBR2NRxeCRg13uCXbydPnmB4EOeRrY7480qNWO8IIgQG6zlDkm6uRMsURXPuKq0GWtiM59a5Q6g=="
    "resolved" "https://registry.npmjs.org/react-transition-group/-/react-transition-group-4.4.5.tgz"
    "version" "4.4.5"
    dependencies:
      "@babel/runtime" "^7.5.5"
      "dom-helpers" "^5.0.1"
      "loose-envify" "^1.4.0"
      "prop-types" "^15.6.2"
  
  "react-use-measure@^2.1.1":
    "integrity" "sha512-nocZhN26cproIiIduswYpV5y5lQpSQS1y/4KuvUCjSKmw7ZWIS/+g3aFnX3WdBkyuGUtTLif3UTqnLLhbDoQig=="
    "resolved" "https://registry.npmjs.org/react-use-measure/-/react-use-measure-2.1.1.tgz"
    "version" "2.1.1"
    dependencies:
      "debounce" "^1.2.1"
  
  "react@^15.0.0 || ^16.0.0 || ^17.0.0 || ^18.0.0", "react@^16.8.0", "react@^16.8.0 || ^17.0.0 || ^18.0.0", "react@^18.0.0", "react@^18.2.0", "react@>= 16.8.0", "react@>=16.13", "react@>=16.6.0", "react@>=16.8", "react@>=16.8.0", "react@>=16.x", "react@>=17.0", "react@>=18.0":
    "integrity" "sha512-/3IjMdb2L9QbBdWiW5e3P2/npwMBaU9mHCSCUzNln0ZCYbcfTsGbTJrU/kGemdH2IWmB2ioZ+zkxtmq6g09fGQ=="
    "resolved" "https://registry.npmjs.org/react/-/react-18.2.0.tgz"
    "version" "18.2.0"
    dependencies:
      "loose-envify" "^1.1.0"
  
  "regenerator-runtime@^0.14.0":
    "integrity" "sha512-dYnhHh0nJoMfnkZs6GmmhFknAGRrLznOu5nc9ML+EJxGvrx6H7teuevqVqCuPcPK//3eDrrjQhehXVx9cnkGdw=="
    "resolved" "https://registry.npmjs.org/regenerator-runtime/-/regenerator-runtime-0.14.1.tgz"
    "version" "0.14.1"
  
  "require-from-string@^2.0.2":
    "integrity" "sha512-Xf0nWe6RseziFMu+Ap9biiUbmplq6S9/p+7w7YXP/JBHhrUDDUhwa+vANyubuqfZWTveU//DYVGsDG7RKL/vEw=="
    "resolved" "https://registry.npmjs.org/require-from-string/-/require-from-string-2.0.2.tgz"
    "version" "2.0.2"
  
  "requires-port@^1.0.0":
    "integrity" "sha512-KigOCHcocU3XODJxsu8i/j8T9tzT4adHiecwORRQ0ZZFcp7ahwXuRU1m+yuO90C5ZUyGeGfocHDI14M3L3yDAQ=="
    "resolved" "https://registry.npmjs.org/requires-port/-/requires-port-1.0.0.tgz"
    "version" "1.0.0"
  
  "rollup@^3.27.1":
    "integrity" "sha512-oWzmBZwvYrU0iJHtDmhsm662rC15FRXmcjCk1xD771dFDx5jJ02ufAQQTn0etB2emNk4J9EZg/yWKpsn9BWGRw=="
    "resolved" "https://registry.npmjs.org/rollup/-/rollup-3.29.4.tgz"
    "version" "3.29.4"
    optionalDependencies:
      "fsevents" "~2.3.2"
  
  "rrweb-cssom@^0.6.0":
    "integrity" "sha512-APM0Gt1KoXBz0iIkkdB/kfvGOwC4UuJFeG/c+yV7wSc7q96cG/kJ0HiYCnzivD9SB53cLV1MlHFNfOuPaadYSw=="
    "resolved" "https://registry.npmjs.org/rrweb-cssom/-/rrweb-cssom-0.6.0.tgz"
    "version" "0.6.0"
  
  "safer-buffer@>= 2.1.2 < 3.0.0":
    "integrity" "sha512-YZo3K82SD7Riyi0E1EQPojLz7kpepnSQI9IyPbHHg1XXXevb5dJI7tpyN2ADxGcQbHG7vcyRHk0cbwqcQriUtg=="
    "resolved" "https://registry.npmjs.org/safer-buffer/-/safer-buffer-2.1.2.tgz"
    "version" "2.1.2"
  
  "saxes@^6.0.0":
    "integrity" "sha512-xAg7SOnEhrm5zI3puOOKyy1OMcMlIJZYNJY7xLBwSze0UjhPLnWfj2GF2EpT0jmzaJKIWKHLsaSSajf35bcYnA=="
    "resolved" "https://registry.npmjs.org/saxes/-/saxes-6.0.0.tgz"
    "version" "6.0.0"
    dependencies:
      "xmlchars" "^2.2.0"
  
  "scheduler@^0.21.0":
    "integrity" "sha512-1r87x5fz9MXqswA2ERLo0EbOAU74DpIUO090gIasYTqlVoJeMcl+Z1Rg7WHz+qtPujhS/hGIt9kxZOYBV3faRQ=="
    "resolved" "https://registry.npmjs.org/scheduler/-/scheduler-0.21.0.tgz"
    "version" "0.21.0"
    dependencies:
      "loose-envify" "^1.1.0"
  
  "scheduler@^0.23.0":
    "integrity" "sha512-CtuThmgHNg7zIZWAXi3AsyIzA3n4xx7aNyjwC2VJldO2LMVDhFK+63xGqq6CsJH4rTAt6/M+N4GhZiDYPx9eUw=="
    "resolved" "https://registry.npmjs.org/scheduler/-/scheduler-0.23.0.tgz"
    "version" "0.23.0"
    dependencies:
      "loose-envify" "^1.1.0"
  
  "semver@^6.3.1":
    "integrity" "sha512-BR7VvDCVHO+q2xBEWskxS6DJE1qRnb7DxzUrogb71CWoSficBxYsiAGd+Kl0mmq/MprG9yArRkyrQxTO6XjMzA=="
    "resolved" "https://registry.npmjs.org/semver/-/semver-6.3.1.tgz"
    "version" "6.3.1"
  
  "shallowequal@^1.1.0":
    "integrity" "sha512-y0m1JoUZSlPAjXVtPPW70aZWfIL/dSP7AFkRnniLCrK/8MDKog3TySTBmckD+RObVxH0v4Tox67+F14PdED2oQ=="
    "resolved" "https://registry.npmjs.org/shallowequal/-/shallowequal-1.1.0.tgz"
    "version" "1.1.0"
  
  "shebang-command@^2.0.0":
    "integrity" "sha512-kHxr2zZpYtdmrN1qDjrrX/Z1rR1kG8Dx+gkpK1G4eXmvXswmcE1hTWBWYUzlraYw1/yZp6YuDY77YtvbN0dmDA=="
    "resolved" "https://registry.npmjs.org/shebang-command/-/shebang-command-2.0.0.tgz"
    "version" "2.0.0"
    dependencies:
      "shebang-regex" "^3.0.0"
  
  "shebang-regex@^3.0.0":
    "integrity" "sha512-7++dFhtcx3353uBaq8DDR4NuxBetBzC7ZQOhmTQInHEd6bSrXdiEyzCvG07Z44UYdLShWUyXt5M/yhz8ekcb1A=="
    "resolved" "https://registry.npmjs.org/shebang-regex/-/shebang-regex-3.0.0.tgz"
    "version" "3.0.0"
  
  "source-map-js@^1.0.2":
    "integrity" "sha512-R0XvVJ9WusLiqTCEiGCmICCMplcCkIwwR11mOSD9CR5u+IXYdiseeEuXCVAjS54zqwkLcPNnmU4OeJ6tUrWhDw=="
    "resolved" "https://registry.npmjs.org/source-map-js/-/source-map-js-1.0.2.tgz"
    "version" "1.0.2"
  
  "stats-gl@^2.0.0":
    "integrity" "sha512-EhFm1AxoSBK3MflkFawZ4jmOX1dWu0nBAtCpvGxGsondEvCpsohbpRpM8pi8UAcxG5eRsDsCiRcxdH20j3Rp9A=="
    "resolved" "https://registry.npmjs.org/stats-gl/-/stats-gl-2.0.1.tgz"
    "version" "2.0.1"
  
  "stats.js@^0.17.0":
    "integrity" "sha512-hNKz8phvYLPEcRkeG1rsGmV5ChMjKDAWU7/OJJdDErPBNChQXxCo3WZurGpnWc6gZhAzEPFad1aVgyOANH1sMw=="
    "resolved" "https://registry.npmjs.org/stats.js/-/stats.js-0.17.0.tgz"
    "version" "0.17.0"
  
  "style-components@^0.1.0":
    "integrity" "sha512-l1O+9/L/1ZZbjMtFdDqPZ5+9sLBmcqJrpNxWoLQRXdK3hh3iYsyahDmiqtPNPMX1JosSRxJVcTNo0ubiTBKrdA=="
    "resolved" "https://registry.npmjs.org/style-components/-/style-components-0.1.0.tgz"
    "version" "0.1.0"
    dependencies:
      "@fortawesome/fontawesome-svg-core" "^1.2.35"
      "@fortawesome/free-solid-svg-icons" "^5.15.3"
      "@fortawesome/react-fontawesome" "^0.1.14"
      "axios" "^0.21.1"
      "classnames" "^2.2.6"
      "lodash" "^4.17.21"
      "react-transition-group" "^4.4.1"
  
  "styled-components@^6.1.1":
    "integrity" "sha512-cpZZP5RrKRIClBW5Eby4JM1wElLVP4NQrJbJ0h10TidTyJf4SIIwa3zLXOoPb4gJi8MsJ8mjq5mu2IrEhZIAcQ=="
    "resolved" "https://registry.npmjs.org/styled-components/-/styled-components-6.1.1.tgz"
    "version" "6.1.1"
    dependencies:
      "@emotion/is-prop-valid" "^1.2.1"
      "@emotion/unitless" "^0.8.0"
      "@types/stylis" "^4.0.2"
      "css-to-react-native" "^3.2.0"
      "csstype" "^3.1.2"
      "postcss" "^8.4.31"
      "shallowequal" "^1.1.0"
      "stylis" "^4.3.0"
      "tslib" "^2.5.0"
  
  "stylis@^4.3.0":
    "integrity" "sha512-E87pIogpwUsUwXw7dNyU4QDjdgVMy52m+XEOPEKUn161cCzWjjhPSQhByfd1CcNvrOLnXQ6OnnZDwnJrz/Z4YQ=="
    "resolved" "https://registry.npmjs.org/stylis/-/stylis-4.3.0.tgz"
    "version" "4.3.0"
  
  "supports-color@^5.3.0":
    "integrity" "sha512-QjVjwdXIt408MIiAqCX4oUKsgU2EqAGzs2Ppkm4aQYbjm+ZEWEcW4SfFNTr4uMNZma0ey4f5lgLrkB0aX0QMow=="
    "resolved" "https://registry.npmjs.org/supports-color/-/supports-color-5.5.0.tgz"
    "version" "5.5.0"
    dependencies:
      "has-flag" "^3.0.0"
  
  "suspend-react@^0.1.3":
    "integrity" "sha512-aqldKgX9aZqpoDp3e8/BZ8Dm7x1pJl+qI3ZKxDN0i/IQTWUwBx/ManmlVJ3wowqbno6c2bmiIfs+Um6LbsjJyQ=="
    "resolved" "https://registry.npmjs.org/suspend-react/-/suspend-react-0.1.3.tgz"
    "version" "0.1.3"
  
  "symbol-tree@^3.2.4":
    "integrity" "sha512-9QNk5KwDF+Bvz+PyObkmSYjI5ksVUYtjW7AU22r2NKcfLJcXp96hkDWU3+XndOsUb+AQ9QhfzfCT2O+CNWT5Tw=="
    "resolved" "https://registry.npmjs.org/symbol-tree/-/symbol-tree-3.2.4.tgz"
    "version" "3.2.4"
  
  "three-mesh-bvh@^0.6.7":
    "integrity" "sha512-EGebF9DZx1S8+7OZYNNTT80GXJZVf+UYXD/HyTg/e2kR/ApofIFfUS4ZzIHNnUVIadpnLSzM4n96wX+l7GMbnQ=="
    "resolved" "https://registry.npmjs.org/three-mesh-bvh/-/three-mesh-bvh-0.6.8.tgz"
    "version" "0.6.8"
  
  "three-stdlib@^2.28.0":
    "integrity" "sha512-Aj2PsKSxORDggLwKu5Zi9lbCqeGgzSJHmE5QSmmJLPgHl7H5xMlGnTwJuULLIze+mH7zFAFGIktHA9KA266JFA=="
    "resolved" "https://registry.npmjs.org/three-stdlib/-/three-stdlib-2.28.8.tgz"
    "version" "2.28.8"
    dependencies:
      "@types/draco3d" "^1.4.0"
      "@types/offscreencanvas" "^2019.6.4"
      "@types/webxr" "^0.5.2"
      "draco3d" "^1.4.1"
      "fflate" "^0.6.9"
      "potpack" "^1.0.1"
  
  "three@^0.159.0", "three@>= 0.151.0", "three@>=0.125.0", "three@>=0.126", "three@>=0.126.1", "three@>=0.128.0", "three@>=0.133", "three@>=0.137", "three@>=0.144.0":
    "integrity" "sha512-eCmhlLGbBgucuo4VEA9IO3Qpc7dh8Bd4VKzr7WfW4+8hMcIfoAVi1ev0pJYN9PTTsCslbcKgBwr2wNZ1EvLInA=="
    "resolved" "https://registry.npmjs.org/three/-/three-0.159.0.tgz"
    "version" "0.159.0"
  
  "to-fast-properties@^2.0.0":
    "integrity" "sha512-/OaKK0xYrs3DmxRYqL/yDc+FxFUVYhDlXMhRmv3z915w2HF1tnN1omB354j8VUGO/hbRzyD6Y3sA7v7GS/ceog=="
    "resolved" "https://registry.npmjs.org/to-fast-properties/-/to-fast-properties-2.0.0.tgz"
    "version" "2.0.0"
  
  "topojson-client@^3.0.0":
    "integrity" "sha512-605uxS6bcYxGXw9qi62XyrV6Q3xwbndjachmNxu8HWTtVPxZfEJN9fd/SZS1Q54Sn2y0TMyMxFj/cJINqGHrKw=="
    "resolved" "https://registry.npmjs.org/topojson-client/-/topojson-client-3.1.0.tgz"
    "version" "3.1.0"
    dependencies:
      "commander" "2"
  
  "tough-cookie@^4.1.3":
    "integrity" "sha512-aX/y5pVRkfRnfmuX+OdbSdXvPe6ieKX/G2s7e98f4poJHnqH3281gDPm/metm6E/WRamfx7WC4HUqkWHfQHprw=="
    "resolved" "https://registry.npmjs.org/tough-cookie/-/tough-cookie-4.1.3.tgz"
    "version" "4.1.3"
    dependencies:
      "psl" "^1.1.33"
      "punycode" "^2.1.1"
      "universalify" "^0.2.0"
      "url-parse" "^1.5.3"
  
  "tr46@^5.0.0":
    "integrity" "sha512-tk2G5R2KRwBd+ZN0zaEXpmzdKyOYksXwywulIX95MBODjSzMIuQnQ3m8JxgbhnL1LeVo7lqQKsYa1O3Htl7K5g=="
    "resolved" "https://registry.npmjs.org/tr46/-/tr46-5.0.0.tgz"
    "version" "5.0.0"
    dependencies:
      "punycode" "^2.3.1"
  
  "troika-three-text@^0.47.2":
    "integrity" "sha512-qylT0F+U7xGs+/PEf3ujBdJMYWbn0Qci0kLqI5BJG2kW1wdg4T1XSxneypnF05DxFqJhEzuaOR9S2SjiyknMng=="
    "resolved" "https://registry.npmjs.org/troika-three-text/-/troika-three-text-0.47.2.tgz"
    "version" "0.47.2"
    dependencies:
      "bidi-js" "^1.0.2"
      "troika-three-utils" "^0.47.2"
      "troika-worker-utils" "^0.47.2"
      "webgl-sdf-generator" "1.1.1"
  
  "troika-three-utils@^0.47.2":
    "integrity" "sha512-/28plhCxfKtH7MSxEGx8e3b/OXU5A0xlwl+Sbdp0H8FXUHKZDoksduEKmjQayXYtxAyuUiCRunYIv/8Vi7aiyg=="
    "resolved" "https://registry.npmjs.org/troika-three-utils/-/troika-three-utils-0.47.2.tgz"
    "version" "0.47.2"
  
  "troika-worker-utils@^0.47.2":
    "integrity" "sha512-mzss4MeyzUkYBppn4x5cdAqrhBHFEuVmMMgLMTyFV23x6GvQMyo+/R5E5Lsbrt7WSt5RfvewjcwD1DChRTA9lA=="
    "resolved" "https://registry.npmjs.org/troika-worker-utils/-/troika-worker-utils-0.47.2.tgz"
    "version" "0.47.2"
  
  "tslib@^2.5.0":
    "integrity" "sha512-AEYxH93jGFPn/a2iVAwW87VuUIkR1FVUKB77NwMF7nBTDkDrrT/Hpt/IrCJ0QXhW27jTBDcf5ZY7w6RiqTMw2Q=="
    "resolved" "https://registry.npmjs.org/tslib/-/tslib-2.6.2.tgz"
    "version" "2.6.2"
  
  "universalify@^0.2.0":
    "integrity" "sha512-CJ1QgKmNg3CwvAv/kOFmtnEN05f0D/cn9QntgNOQlQF9dgvVTHj3t+8JPdjqawCHk7V/KA+fbUqzZ9XWhcqPUg=="
    "resolved" "https://registry.npmjs.org/universalify/-/universalify-0.2.0.tgz"
    "version" "0.2.0"
  
  "update-browserslist-db@^1.0.13":
    "integrity" "sha512-xebP81SNcPuNpPP3uzeW1NYXxI3rxyJzF3pD6sH4jE7o/IX+WtSpwnVU+qIsDPyk0d3hmFQ7mjqc6AtV604hbg=="
    "resolved" "https://registry.npmjs.org/update-browserslist-db/-/update-browserslist-db-1.0.13.tgz"
    "version" "1.0.13"
    dependencies:
      "escalade" "^3.1.1"
      "picocolors" "^1.0.0"
  
  "url-parse@^1.5.3":
    "integrity" "sha512-WypcfiRhfeUP9vvF0j6rw0J3hrWrw6iZv3+22h6iRMJ/8z1Tj6XfLP4DsUix5MhMPnXpiHDoKyoZ/bdCkwBCiQ=="
    "resolved" "https://registry.npmjs.org/url-parse/-/url-parse-1.5.10.tgz"
    "version" "1.5.10"
    dependencies:
      "querystringify" "^2.1.1"
      "requires-port" "^1.0.0"
  
  "utility-types@^3.10.0":
    "integrity" "sha512-O11mqxmi7wMKCo6HKFt5AhO4BwY3VV68YU07tgxfz8zJTIxr4BpsezN49Ffwy9j3ZpwwJp4fkRwjRzq3uWE6Rg=="
    "resolved" "https://registry.npmjs.org/utility-types/-/utility-types-3.10.0.tgz"
    "version" "3.10.0"
  
  "uuid@^9.0.1":
    "integrity" "sha512-b+1eJOlsR9K8HJpow9Ok3fiWOWSIcIzXodvv0rQjVoOVNpWMpxf1wZNpt4y9h10odCNrqnYp1OBzRktckBe3sA=="
    "resolved" "https://registry.npmjs.org/uuid/-/uuid-9.0.1.tgz"
    "version" "9.0.1"
  
  "vite@^4.0.0", "vite@^4.1.0-beta.0":
    "integrity" "sha512-AXXFaAJ8yebyqzoNB9fu2pHoo/nWX+xZlaRwoeYUxEqBO+Zj4msE5G+BhGBll9lYEKv9Hfks52PAF2X7qDYXQA=="
    "resolved" "https://registry.npmjs.org/vite/-/vite-4.5.1.tgz"
    "version" "4.5.1"
    dependencies:
      "esbuild" "^0.18.10"
      "postcss" "^8.4.27"
      "rollup" "^3.27.1"
    optionalDependencies:
      "fsevents" "~2.3.2"
  
  "w3c-xmlserializer@^5.0.0":
    "integrity" "sha512-o8qghlI8NZHU1lLPrpi2+Uq7abh4GGPpYANlalzWxyWteJOCsr/P+oPBA49TOLu5FTZO4d3F9MnWJfiMo4BkmA=="
    "resolved" "https://registry.npmjs.org/w3c-xmlserializer/-/w3c-xmlserializer-5.0.0.tgz"
    "version" "5.0.0"
    dependencies:
      "xml-name-validator" "^5.0.0"
  
  "webgl-constants@^1.1.1":
    "integrity" "sha512-LkBXKjU5r9vAW7Gcu3T5u+5cvSvh5WwINdr0C+9jpzVB41cjQAP5ePArDtk/WHYdVj0GefCgM73BA7FlIiNtdg=="
    "resolved" "https://registry.npmjs.org/webgl-constants/-/webgl-constants-1.1.1.tgz"
    "version" "1.1.1"
  
  "webgl-sdf-generator@1.1.1":
    "integrity" "sha512-9Z0JcMTFxeE+b2x1LJTdnaT8rT8aEp7MVxkNwoycNmJWwPdzoXzMh0BjJSh/AEFP+KPYZUli814h8bJZFIZ2jA=="
    "resolved" "https://registry.npmjs.org/webgl-sdf-generator/-/webgl-sdf-generator-1.1.1.tgz"
    "version" "1.1.1"
  
  "webidl-conversions@^7.0.0":
    "integrity" "sha512-VwddBukDzu71offAQR975unBIGqfKZpM+8ZX6ySk8nYhVoo5CYaZyzt3YBvYtRtO+aoGlqxPg/B87NGVZ/fu6g=="
    "resolved" "https://registry.npmjs.org/webidl-conversions/-/webidl-conversions-7.0.0.tgz"
    "version" "7.0.0"
  
  "whatwg-encoding@^3.1.1":
    "integrity" "sha512-6qN4hJdMwfYBtE3YBTTHhoeuUrDBPZmbQaxWAqSALV/MeEnR5z1xd8UKud2RAkFoPkmB+hli1TZSnyi84xz1vQ=="
    "resolved" "https://registry.npmjs.org/whatwg-encoding/-/whatwg-encoding-3.1.1.tgz"
    "version" "3.1.1"
    dependencies:
      "iconv-lite" "0.6.3"
  
  "whatwg-mimetype@^4.0.0":
    "integrity" "sha512-QaKxh0eNIi2mE9p2vEdzfagOKHCcj1pJ56EEHGQOVxp8r9/iszLUUV7v89x9O1p/T+NlTM5W7jW6+cz4Fq1YVg=="
    "resolved" "https://registry.npmjs.org/whatwg-mimetype/-/whatwg-mimetype-4.0.0.tgz"
    "version" "4.0.0"
  
  "whatwg-url@^14.0.0":
    "integrity" "sha512-1lfMEm2IEr7RIV+f4lUNPOqfFL+pO+Xw3fJSqmjX9AbXcXcYOkCe1P6+9VBZB6n94af16NfZf+sSk0JCBZC9aw=="
    "resolved" "https://registry.npmjs.org/whatwg-url/-/whatwg-url-14.0.0.tgz"
    "version" "14.0.0"
    dependencies:
      "tr46" "^5.0.0"
      "webidl-conversions" "^7.0.0"
  
  "which@^2.0.1":
    "integrity" "sha512-BLI3Tl1TW3Pvl70l3yq3Y64i+awpwXqsGBYWkkqMtnbXgrMD+yj7rhW0kuEDxzJaYXGjEW5ogapKNMEKNMjibA=="
    "resolved" "https://registry.npmjs.org/which/-/which-2.0.2.tgz"
    "version" "2.0.2"
    dependencies:
      "isexe" "^2.0.0"
  
  "ws@^8.14.2":
    "integrity" "sha512-W5OZiCjXEmk0yZ66ZN82beM5Sz7l7coYxpRkzS+p9PP+ToQry8szKh+61eNktr7EA9DOwvFGhfC605jDHbP6QQ=="
    "resolved" "https://registry.npmjs.org/ws/-/ws-8.15.1.tgz"
    "version" "8.15.1"
  
  "xml-name-validator@^5.0.0":
    "integrity" "sha512-EvGK8EJ3DhaHfbRlETOWAS5pO9MZITeauHKJyb8wyajUfQUenkIg2MvLDTZ4T/TgIcm3HU0TFBgWWboAZ30UHg=="
    "resolved" "https://registry.npmjs.org/xml-name-validator/-/xml-name-validator-5.0.0.tgz"
    "version" "5.0.0"
  
  "xmlchars@^2.2.0":
    "integrity" "sha512-JZnDKK8B0RCDw84FNdDAIpZK+JuJw+s7Lz8nksI7SIuU3UXJJslUthsi+uWBUYOwPFwW7W7PRLRfUKpxjtjFCw=="
    "resolved" "https://registry.npmjs.org/xmlchars/-/xmlchars-2.2.0.tgz"
    "version" "2.2.0"
  
  "yallist@^3.0.2":
    "integrity" "sha512-a4UGQaWPH59mOXUYnAG2ewncQS4i4F43Tv3JoAM+s2VDAmS9NsK8GpDMLrCHPksFT7h3K6TOoUNn2pb7RoXx4g=="
    "resolved" "https://registry.npmjs.org/yallist/-/yallist-3.1.1.tgz"
    "version" "3.1.1"
  
  "zustand@^3.5.13", "zustand@^3.7.1":
    "integrity" "sha512-PIJDIZKtokhof+9+60cpockVOq05sJzHCriyvaLBmEJixseQ1a5Kdov6fWZfWOu5SK9c+FhH1jU0tntLxRJYMA=="
    "resolved" "https://registry.npmjs.org/zustand/-/zustand-3.7.2.tgz"
    "version" "3.7.2"
